[ 2017-07-15T10:14:26+08:00 ] ::1 /lh3/
INFO: [ app_init ] --START--
INFO: Run Behavior\BuildLiteBehavior [ RunTime:0.000266s ]
INFO: [ app_init ] --END-- [ RunTime:0.000796s ]
INFO: [ app_begin ] --START--
INFO: Run Behavior\ReadHtmlCacheBehavior [ RunTime:0.001078s ]
INFO: [ app_begin ] --END-- [ RunTime:0.001177s ]
NOTIC: [2] session_start(): Cannot send session cache limiter - headers already sent (output started at /Applications/MAMP/htdocs/lh3/ThinkPHP/Conf/convention.php:1) /Applications/MAMP/htdocs/lh3/ThinkPHP/Common/functions.php 第 1264 行.
INFO: [ view_parse ] --START--
INFO: [ template_filter ] --START--
INFO: Run Behavior\ContentReplaceBehavior [ RunTime:0.000089s ]
INFO: [ template_filter ] --END-- [ RunTime:0.000155s ]
INFO: Run Behavior\ParseTemplateBehavior [ RunTime:0.399789s ]
INFO: [ view_parse ] --END-- [ RunTime:0.399930s ]
INFO: [ view_filter ] --START--
INFO: Run Behavior\WriteHtmlCacheBehavior [ RunTime:0.000626s ]
INFO: Run Behavior\TokenBuildBehavior [ RunTime:0.000697s ]
INFO: Run Behavior\TokenBuildBehavior [ RunTime:0.000033s ]
INFO: [ view_filter ] --END-- [ RunTime:0.001559s ]
NOTIC: [2] Cannot modify header information - headers already sent by (output started at /Applications/MAMP/htdocs/lh3/ThinkPHP/Conf/convention.php:1) /Applications/MAMP/htdocs/lh3/ThinkPHP/Library/Think/View.class.php 第 91 行.
NOTIC: [2] Cannot modify header information - headers already sent by (output started at /Applications/MAMP/htdocs/lh3/ThinkPHP/Conf/convention.php:1) /Applications/MAMP/htdocs/lh3/ThinkPHP/Library/Think/View.class.php 第 92 行.
NOTIC: [2] Cannot modify header information - headers already sent by (output started at /Applications/MAMP/htdocs/lh3/ThinkPHP/Conf/convention.php:1) /Applications/MAMP/htdocs/lh3/ThinkPHP/Library/Think/View.class.php 第 93 行.
INFO: [ app_end ] --START--
INFO: Run Behavior\ShowPageTraceBehavior [ RunTime:0.001111s ]
INFO: [ app_end ] --END-- [ RunTime:0.001216s ]

[ 2017-07-15T10:14:30+08:00 ] ::1 /lh3/index.php/Article/manage/se/260
INFO: [ app_init ] --START--
INFO: Run Behavior\BuildLiteBehavior [ RunTime:0.000011s ]
INFO: [ app_init ] --END-- [ RunTime:0.000064s ]
INFO: [ app_begin ] --START--
INFO: Run Behavior\ReadHtmlCacheBehavior [ RunTime:0.000760s ]
INFO: [ app_begin ] --END-- [ RunTime:0.000843s ]
NOTIC: [2] session_start(): Cannot send session cache limiter - headers already sent (output started at /Applications/MAMP/htdocs/lh3/ThinkPHP/Conf/convention.php:1) /Applications/MAMP/htdocs/lh3/ThinkPHP/Common/functions.php 第 1264 行.
NOTIC: [8] Undefined index: page /Applications/MAMP/htdocs/lh3/Admin/Common/Page.class.php 第 15 行.
INFO: [ view_parse ] --START--
INFO: [ template_filter ] --START--
INFO: Run Behavior\ContentReplaceBehavior [ RunTime:0.000102s ]
INFO: [ template_filter ] --END-- [ RunTime:0.000170s ]
NOTIC: [8] Undefined variable: keyword /Applications/MAMP/htdocs/lh3/Admin/Runtime/Cache/Home/d9a4fb30ed87daffaf87c8aea2ed5489.php 第 246 行.
INFO: Run Behavior\ParseTemplateBehavior [ RunTime:0.394366s ]
INFO: [ view_parse ] --END-- [ RunTime:0.394513s ]
INFO: [ view_filter ] --START--
INFO: Run Behavior\WriteHtmlCacheBehavior [ RunTime:0.000344s ]
INFO: Run Behavior\TokenBuildBehavior [ RunTime:0.000472s ]
INFO: Run Behavior\TokenBuildBehavior [ RunTime:0.000044s ]
INFO: [ view_filter ] --END-- [ RunTime:0.001038s ]
NOTIC: [2] Cannot modify header information - headers already sent by (output started at /Applications/MAMP/htdocs/lh3/ThinkPHP/Conf/convention.php:1) /Applications/MAMP/htdocs/lh3/ThinkPHP/Library/Think/View.class.php 第 91 行.
NOTIC: [2] Cannot modify header information - headers already sent by (output started at /Applications/MAMP/htdocs/lh3/ThinkPHP/Conf/convention.php:1) /Applications/MAMP/htdocs/lh3/ThinkPHP/Library/Think/View.class.php 第 92 行.
NOTIC: [2] Cannot modify header information - headers already sent by (output started at /Applications/MAMP/htdocs/lh3/ThinkPHP/Conf/convention.php:1) /Applications/MAMP/htdocs/lh3/ThinkPHP/Library/Think/View.class.php 第 93 行.
INFO: [ app_end ] --START--
INFO: Run Behavior\ShowPageTraceBehavior [ RunTime:0.000832s ]
INFO: [ app_end ] --END-- [ RunTime:0.000934s ]

[ 2017-07-15T10:14:35+08:00 ] ::1 /lh3/index.php/Home/Article/manage_add
INFO: [ app_init ] --START--
INFO: Run Behavior\BuildLiteBehavior [ RunTime:0.000011s ]
INFO: [ app_init ] --END-- [ RunTime:0.000076s ]
INFO: [ app_begin ] --START--
INFO: Run Behavior\ReadHtmlCacheBehavior [ RunTime:0.000493s ]
INFO: [ app_begin ] --END-- [ RunTime:0.000556s ]
NOTIC: [2] session_start(): Cannot send session cache limiter - headers already sent (output started at /Applications/MAMP/htdocs/lh3/ThinkPHP/Conf/convention.php:1) /Applications/MAMP/htdocs/lh3/ThinkPHP/Common/functions.php 第 1264 行.
INFO: [ view_parse ] --START--
INFO: [ template_filter ] --START--
INFO: Run Behavior\ContentReplaceBehavior [ RunTime:0.000091s ]
INFO: [ template_filter ] --END-- [ RunTime:0.000157s ]
INFO: Run Behavior\ParseTemplateBehavior [ RunTime:0.388530s ]
INFO: [ view_parse ] --END-- [ RunTime:0.388668s ]
INFO: [ view_filter ] --START--
INFO: Run Behavior\WriteHtmlCacheBehavior [ RunTime:0.000334s ]
INFO: Run Behavior\TokenBuildBehavior [ RunTime:0.000542s ]
INFO: Run Behavior\TokenBuildBehavior [ RunTime:0.000032s ]
INFO: [ view_filter ] --END-- [ RunTime:0.001104s ]
NOTIC: [2] Cannot modify header information - headers already sent by (output started at /Applications/MAMP/htdocs/lh3/ThinkPHP/Conf/convention.php:1) /Applications/MAMP/htdocs/lh3/ThinkPHP/Library/Think/View.class.php 第 91 行.
NOTIC: [2] Cannot modify header information - headers already sent by (output started at /Applications/MAMP/htdocs/lh3/ThinkPHP/Conf/convention.php:1) /Applications/MAMP/htdocs/lh3/ThinkPHP/Library/Think/View.class.php 第 92 行.
NOTIC: [2] Cannot modify header information - headers already sent by (output started at /Applications/MAMP/htdocs/lh3/ThinkPHP/Conf/convention.php:1) /Applications/MAMP/htdocs/lh3/ThinkPHP/Library/Think/View.class.php 第 93 行.
INFO: [ app_end ] --START--
INFO: Run Behavior\ShowPageTraceBehavior [ RunTime:0.001143s ]
INFO: [ app_end ] --END-- [ RunTime:0.001276s ]

[ 2017-07-15T10:14:35+08:00 ] ::1 /lh3/Public/css/themes/default/default.css
INFO: [ app_init ] --START--
INFO: Run Behavior\BuildLiteBehavior [ RunTime:0.000013s ]
INFO: [ app_init ] --END-- [ RunTime:0.000074s ]
INFO: [ app_begin ] --START--
INFO: Run Behavior\ReadHtmlCacheBehavior [ RunTime:0.000444s ]
INFO: [ app_begin ] --END-- [ RunTime:0.000506s ]
NOTIC: [2] session_start(): Cannot send session cache limiter - headers already sent (output started at /Applications/MAMP/htdocs/lh3/ThinkPHP/Conf/convention.php:1) /Applications/MAMP/htdocs/lh3/ThinkPHP/Common/functions.php 第 1264 行.
INFO: [ app_end ] --START--
INFO: Run Behavior\ShowPageTraceBehavior [ RunTime:0.000484s ]
INFO: [ app_end ] --END-- [ RunTime:0.000548s ]

[ 2017-07-15T10:14:38+08:00 ] ::1 /lh3/index.php/Article/manage/se/260
INFO: [ app_init ] --START--
INFO: Run Behavior\BuildLiteBehavior [ RunTime:0.000012s ]
INFO: [ app_init ] --END-- [ RunTime:0.000087s ]
INFO: [ app_begin ] --START--
INFO: Run Behavior\ReadHtmlCacheBehavior [ RunTime:0.000372s ]
INFO: [ app_begin ] --END-- [ RunTime:0.000421s ]
NOTIC: [2] session_start(): Cannot send session cache limiter - headers already sent (output started at /Applications/MAMP/htdocs/lh3/ThinkPHP/Conf/convention.php:1) /Applications/MAMP/htdocs/lh3/ThinkPHP/Common/functions.php 第 1264 行.
NOTIC: [8] Undefined index: page /Applications/MAMP/htdocs/lh3/Admin/Common/Page.class.php 第 15 行.
INFO: [ view_parse ] --START--
INFO: [ template_filter ] --START--
INFO: Run Behavior\ContentReplaceBehavior [ RunTime:0.000106s ]
INFO: [ template_filter ] --END-- [ RunTime:0.000164s ]
NOTIC: [8] Undefined variable: keyword /Applications/MAMP/htdocs/lh3/Admin/Runtime/Cache/Home/d9a4fb30ed87daffaf87c8aea2ed5489.php 第 246 行.
INFO: Run Behavior\ParseTemplateBehavior [ RunTime:0.301359s ]
INFO: [ view_parse ] --END-- [ RunTime:0.301487s ]
INFO: [ view_filter ] --START--
INFO: Run Behavior\WriteHtmlCacheBehavior [ RunTime:0.000302s ]
INFO: Run Behavior\TokenBuildBehavior [ RunTime:0.000428s ]
INFO: Run Behavior\TokenBuildBehavior [ RunTime:0.000036s ]
INFO: [ view_filter ] --END-- [ RunTime:0.000930s ]
NOTIC: [2] Cannot modify header information - headers already sent by (output started at /Applications/MAMP/htdocs/lh3/ThinkPHP/Conf/convention.php:1) /Applications/MAMP/htdocs/lh3/ThinkPHP/Library/Think/View.class.php 第 91 行.
NOTIC: [2] Cannot modify header information - headers already sent by (output started at /Applications/MAMP/htdocs/lh3/ThinkPHP/Conf/convention.php:1) /Applications/MAMP/htdocs/lh3/ThinkPHP/Library/Think/View.class.php 第 92 行.
NOTIC: [2] Cannot modify header information - headers already sent by (output started at /Applications/MAMP/htdocs/lh3/ThinkPHP/Conf/convention.php:1) /Applications/MAMP/htdocs/lh3/ThinkPHP/Library/Think/View.class.php 第 93 行.
INFO: [ app_end ] --START--
INFO: Run Behavior\ShowPageTraceBehavior [ RunTime:0.000725s ]
INFO: [ app_end ] --END-- [ RunTime:0.000799s ]

[ 2017-07-15T10:14:40+08:00 ] ::1 /lh3/index.php/Home/Article/manage_edit?id=8
INFO: [ app_init ] --START--
INFO: Run Behavior\BuildLiteBehavior [ RunTime:0.000011s ]
INFO: [ app_init ] --END-- [ RunTime:0.000064s ]
INFO: [ app_begin ] --START--
INFO: Run Behavior\ReadHtmlCacheBehavior [ RunTime:0.000705s ]
INFO: [ app_begin ] --END-- [ RunTime:0.000798s ]
NOTIC: [2] session_start(): Cannot send session cache limiter - headers already sent (output started at /Applications/MAMP/htdocs/lh3/ThinkPHP/Conf/convention.php:1) /Applications/MAMP/htdocs/lh3/ThinkPHP/Common/functions.php 第 1264 行.
INFO: [ view_parse ] --START--
INFO: [ template_filter ] --START--
INFO: Run Behavior\ContentReplaceBehavior [ RunTime:0.000101s ]
INFO: [ template_filter ] --END-- [ RunTime:0.000170s ]
INFO: Run Behavior\ParseTemplateBehavior [ RunTime:0.361055s ]
INFO: [ view_parse ] --END-- [ RunTime:0.361183s ]
INFO: [ view_filter ] --START--
INFO: Run Behavior\WriteHtmlCacheBehavior [ RunTime:0.000268s ]
INFO: Run Behavior\TokenBuildBehavior [ RunTime:0.000432s ]
INFO: Run Behavior\TokenBuildBehavior [ RunTime:0.000031s ]
INFO: [ view_filter ] --END-- [ RunTime:0.000936s ]
NOTIC: [2] Cannot modify header information - headers already sent by (output started at /Applications/MAMP/htdocs/lh3/ThinkPHP/Conf/convention.php:1) /Applications/MAMP/htdocs/lh3/ThinkPHP/Library/Think/View.class.php 第 91 行.
NOTIC: [2] Cannot modify header information - headers already sent by (output started at /Applications/MAMP/htdocs/lh3/ThinkPHP/Conf/convention.php:1) /Applications/MAMP/htdocs/lh3/ThinkPHP/Library/Think/View.class.php 第 92 行.
NOTIC: [2] Cannot modify header information - headers already sent by (output started at /Applications/MAMP/htdocs/lh3/ThinkPHP/Conf/convention.php:1) /Applications/MAMP/htdocs/lh3/ThinkPHP/Library/Think/View.class.php 第 93 行.
INFO: [ app_end ] --START--
INFO: Run Behavior\ShowPageTraceBehavior [ RunTime:0.000680s ]
INFO: [ app_end ] --END-- [ RunTime:0.000750s ]

[ 2017-07-15T10:14:40+08:00 ] ::1 /lh3/Public/css/themes/default/default.css
INFO: [ app_init ] --START--
INFO: Run Behavior\BuildLiteBehavior [ RunTime:0.000013s ]
INFO: [ app_init ] --END-- [ RunTime:0.000082s ]
INFO: [ app_begin ] --START--
INFO: Run Behavior\ReadHtmlCacheBehavior [ RunTime:0.000440s ]
INFO: [ app_begin ] --END-- [ RunTime:0.000501s ]
NOTIC: [2] session_start(): Cannot send session cache limiter - headers already sent (output started at /Applications/MAMP/htdocs/lh3/ThinkPHP/Conf/convention.php:1) /Applications/MAMP/htdocs/lh3/ThinkPHP/Common/functions.php 第 1264 行.
INFO: [ app_end ] --START--
INFO: Run Behavior\ShowPageTraceBehavior [ RunTime:0.000507s ]
INFO: [ app_end ] --END-- [ RunTime:0.000568s ]

[ 2017-07-15T10:14:47+08:00 ] ::1 /lh3/index.php/Tuku/qs/se/203
INFO: [ app_init ] --START--
INFO: Run Behavior\BuildLiteBehavior [ RunTime:0.000016s ]
INFO: [ app_init ] --END-- [ RunTime:0.000119s ]
INFO: [ app_begin ] --START--
INFO: Run Behavior\ReadHtmlCacheBehavior [ RunTime:0.000422s ]
INFO: [ app_begin ] --END-- [ RunTime:0.000478s ]
NOTIC: [2] session_start(): Cannot send session cache limiter - headers already sent (output started at /Applications/MAMP/htdocs/lh3/ThinkPHP/Conf/convention.php:1) /Applications/MAMP/htdocs/lh3/ThinkPHP/Common/functions.php 第 1264 行.
NOTIC: D方法实例化没找到模型类Home\Model\QsModel
NOTIC: [8] Undefined index: page /Applications/MAMP/htdocs/lh3/Admin/Common/Page.class.php 第 15 行.
INFO: [ view_parse ] --START--
INFO: [ template_filter ] --START--
INFO: Run Behavior\ContentReplaceBehavior [ RunTime:0.000133s ]
INFO: [ template_filter ] --END-- [ RunTime:0.000203s ]
NOTIC: [8] Use of undefined constant title - assumed 'title' /Applications/MAMP/htdocs/lh3/Admin/Home/Common/Common.php 第 29 行.
NOTIC: [8] Use of undefined constant title - assumed 'title' /Applications/MAMP/htdocs/lh3/Admin/Home/Common/Common.php 第 29 行.
NOTIC: [8] Use of undefined constant title - assumed 'title' /Applications/MAMP/htdocs/lh3/Admin/Home/Common/Common.php 第 29 行.
NOTIC: [8] Use of undefined constant title - assumed 'title' /Applications/MAMP/htdocs/lh3/Admin/Home/Common/Common.php 第 29 行.
NOTIC: [8] Use of undefined constant title - assumed 'title' /Applications/MAMP/htdocs/lh3/Admin/Home/Common/Common.php 第 29 行.
NOTIC: [8] Use of undefined constant title - assumed 'title' /Applications/MAMP/htdocs/lh3/Admin/Home/Common/Common.php 第 29 行.
NOTIC: [8] Use of undefined constant title - assumed 'title' /Applications/MAMP/htdocs/lh3/Admin/Home/Common/Common.php 第 29 行.
NOTIC: [8] Use of undefined constant title - assumed 'title' /Applications/MAMP/htdocs/lh3/Admin/Home/Common/Common.php 第 29 行.
NOTIC: [8] Use of undefined constant title - assumed 'title' /Applications/MAMP/htdocs/lh3/Admin/Home/Common/Common.php 第 29 行.
NOTIC: [8] Use of undefined constant title - assumed 'title' /Applications/MAMP/htdocs/lh3/Admin/Home/Common/Common.php 第 29 行.
NOTIC: [8] Use of undefined constant title - assumed 'title' /Applications/MAMP/htdocs/lh3/Admin/Home/Common/Common.php 第 29 行.
NOTIC: [8] Use of undefined constant title - assumed 'title' /Applications/MAMP/htdocs/lh3/Admin/Home/Common/Common.php 第 29 行.
NOTIC: [8] Use of undefined constant title - assumed 'title' /Applications/MAMP/htdocs/lh3/Admin/Home/Common/Common.php 第 29 行.
NOTIC: [8] Use of undefined constant title - assumed 'title' /Applications/MAMP/htdocs/lh3/Admin/Home/Common/Common.php 第 29 行.
NOTIC: [8] Use of undefined constant title - assumed 'title' /Applications/MAMP/htdocs/lh3/Admin/Home/Common/Common.php 第 29 行.
NOTIC: [8] Use of undefined constant title - assumed 'title' /Applications/MAMP/htdocs/lh3/Admin/Home/Common/Common.php 第 29 行.
NOTIC: [8] Use of undefined constant title - assumed 'title' /Applications/MAMP/htdocs/lh3/Admin/Home/Common/Common.php 第 29 行.
NOTIC: [8] Use of undefined constant title - assumed 'title' /Applications/MAMP/htdocs/lh3/Admin/Home/Common/Common.php 第 29 行.
NOTIC: [8] Use of undefined constant title - assumed 'title' /Applications/MAMP/htdocs/lh3/Admin/Home/Common/Common.php 第 29 行.
NOTIC: [8] Use of undefined constant title - assumed 'title' /Applications/MAMP/htdocs/lh3/Admin/Home/Common/Common.php 第 29 行.
INFO: Run Behavior\ParseTemplateBehavior [ RunTime:0.566805s ]
INFO: [ view_parse ] --END-- [ RunTime:0.566944s ]
INFO: [ view_filter ] --START--
INFO: Run Behavior\WriteHtmlCacheBehavior [ RunTime:0.000362s ]
INFO: Run Behavior\TokenBuildBehavior [ RunTime:0.000461s ]
INFO: Run Behavior\TokenBuildBehavior [ RunTime:0.000036s ]
INFO: [ view_filter ] --END-- [ RunTime:0.001035s ]
NOTIC: [2] Cannot modify header information - headers already sent by (output started at /Applications/MAMP/htdocs/lh3/ThinkPHP/Conf/convention.php:1) /Applications/MAMP/htdocs/lh3/ThinkPHP/Library/Think/View.class.php 第 91 行.
NOTIC: [2] Cannot modify header information - headers already sent by (output started at /Applications/MAMP/htdocs/lh3/ThinkPHP/Conf/convention.php:1) /Applications/MAMP/htdocs/lh3/ThinkPHP/Library/Think/View.class.php 第 92 行.
NOTIC: [2] Cannot modify header information - headers already sent by (output started at /Applications/MAMP/htdocs/lh3/ThinkPHP/Conf/convention.php:1) /Applications/MAMP/htdocs/lh3/ThinkPHP/Library/Think/View.class.php 第 93 行.
INFO: [ app_end ] --START--
INFO: Run Behavior\ShowPageTraceBehavior [ RunTime:0.000794s ]
INFO: [ app_end ] --END-- [ RunTime:0.000878s ]

[ 2017-07-15T10:15:06+08:00 ] ::1 /lh3/index.php/Tuku/caise/se/201
INFO: [ app_init ] --START--
INFO: Run Behavior\BuildLiteBehavior [ RunTime:0.000017s ]
INFO: [ app_init ] --END-- [ RunTime:0.000125s ]
INFO: [ app_begin ] --START--
INFO: Run Behavior\ReadHtmlCacheBehavior [ RunTime:0.000439s ]
INFO: [ app_begin ] --END-- [ RunTime:0.000490s ]
NOTIC: [2] session_start(): Cannot send session cache limiter - headers already sent (output started at /Applications/MAMP/htdocs/lh3/ThinkPHP/Conf/convention.php:1) /Applications/MAMP/htdocs/lh3/ThinkPHP/Common/functions.php 第 1264 行.
NOTIC: D方法实例化没找到模型类Home\Model\TukuModel
NOTIC: [8] Undefined index: page /Applications/MAMP/htdocs/lh3/Admin/Common/Page.class.php 第 15 行.
INFO: [ view_parse ] --START--
INFO: [ template_filter ] --START--
INFO: Run Behavior\ContentReplaceBehavior [ RunTime:0.000174s ]
INFO: [ template_filter ] --END-- [ RunTime:0.000272s ]
NOTIC: [8] Use of undefined constant title - assumed 'title' /Applications/MAMP/htdocs/lh3/Admin/Home/Common/Common.php 第 29 行.
NOTIC: [8] Use of undefined constant title - assumed 'title' /Applications/MAMP/htdocs/lh3/Admin/Home/Common/Common.php 第 29 行.
NOTIC: [8] Use of undefined constant title - assumed 'title' /Applications/MAMP/htdocs/lh3/Admin/Home/Common/Common.php 第 29 行.
NOTIC: [8] Use of undefined constant title - assumed 'title' /Applications/MAMP/htdocs/lh3/Admin/Home/Common/Common.php 第 29 行.
NOTIC: [8] Use of undefined constant title - assumed 'title' /Applications/MAMP/htdocs/lh3/Admin/Home/Common/Common.php 第 29 行.
NOTIC: [8] Use of undefined constant title - assumed 'title' /Applications/MAMP/htdocs/lh3/Admin/Home/Common/Common.php 第 29 行.
NOTIC: [8] Use of undefined constant title - assumed 'title' /Applications/MAMP/htdocs/lh3/Admin/Home/Common/Common.php 第 29 行.
NOTIC: [8] Use of undefined constant title - assumed 'title' /Applications/MAMP/htdocs/lh3/Admin/Home/Common/Common.php 第 29 行.
NOTIC: [8] Use of undefined constant title - assumed 'title' /Applications/MAMP/htdocs/lh3/Admin/Home/Common/Common.php 第 29 行.
NOTIC: [8] Use of undefined constant title - assumed 'title' /Applications/MAMP/htdocs/lh3/Admin/Home/Common/Common.php 第 29 行.
NOTIC: [8] Use of undefined constant title - assumed 'title' /Applications/MAMP/htdocs/lh3/Admin/Home/Common/Common.php 第 29 行.
NOTIC: [8] Use of undefined constant title - assumed 'title' /Applications/MAMP/htdocs/lh3/Admin/Home/Common/Common.php 第 29 行.
NOTIC: [8] Use of undefined constant title - assumed 'title' /Applications/MAMP/htdocs/lh3/Admin/Home/Common/Common.php 第 29 行.
NOTIC: [8] Use of undefined constant title - assumed 'title' /Applications/MAMP/htdocs/lh3/Admin/Home/Common/Common.php 第 29 行.
NOTIC: [8] Use of undefined constant title - assumed 'title' /Applications/MAMP/htdocs/lh3/Admin/Home/Common/Common.php 第 29 行.
NOTIC: [8] Use of undefined constant title - assumed 'title' /Applications/MAMP/htdocs/lh3/Admin/Home/Common/Common.php 第 29 行.
NOTIC: [8] Use of undefined constant title - assumed 'title' /Applications/MAMP/htdocs/lh3/Admin/Home/Common/Common.php 第 29 行.
NOTIC: [8] Use of undefined constant title - assumed 'title' /Applications/MAMP/htdocs/lh3/Admin/Home/Common/Common.php 第 29 行.
NOTIC: [8] Use of undefined constant title - assumed 'title' /Applications/MAMP/htdocs/lh3/Admin/Home/Common/Common.php 第 29 行.
NOTIC: [8] Use of undefined constant title - assumed 'title' /Applications/MAMP/htdocs/lh3/Admin/Home/Common/Common.php 第 29 行.
NOTIC: [8] Use of undefined constant title - assumed 'title' /Applications/MAMP/htdocs/lh3/Admin/Home/Common/Common.php 第 29 行.
NOTIC: [8] Use of undefined constant title - assumed 'title' /Applications/MAMP/htdocs/lh3/Admin/Home/Common/Common.php 第 29 行.
NOTIC: [8] Use of undefined constant title - assumed 'title' /Applications/MAMP/htdocs/lh3/Admin/Home/Common/Common.php 第 29 行.
NOTIC: [8] Use of undefined constant title - assumed 'title' /Applications/MAMP/htdocs/lh3/Admin/Home/Common/Common.php 第 29 行.
NOTIC: [8] Use of undefined constant title - assumed 'title' /Applications/MAMP/htdocs/lh3/Admin/Home/Common/Common.php 第 29 行.
NOTIC: [8] Use of undefined constant title - assumed 'title' /Applications/MAMP/htdocs/lh3/Admin/Home/Common/Common.php 第 29 行.
NOTIC: [8] Use of undefined constant title - assumed 'title' /Applications/MAMP/htdocs/lh3/Admin/Home/Common/Common.php 第 29 行.
NOTIC: [8] Use of undefined constant title - assumed 'title' /Applications/MAMP/htdocs/lh3/Admin/Home/Common/Common.php 第 29 行.
NOTIC: [8] Use of undefined constant title - assumed 'title' /Applications/MAMP/htdocs/lh3/Admin/Home/Common/Common.php 第 29 行.
NOTIC: [8] Use of undefined constant title - assumed 'title' /Applications/MAMP/htdocs/lh3/Admin/Home/Common/Common.php 第 29 行.
INFO: Run Behavior\ParseTemplateBehavior [ RunTime:0.474810s ]
INFO: [ view_parse ] --END-- [ RunTime:0.474947s ]
INFO: [ view_filter ] --START--
INFO: Run Behavior\WriteHtmlCacheBehavior [ RunTime:0.000363s ]
INFO: Run Behavior\TokenBuildBehavior [ RunTime:0.000462s ]
INFO: Run Behavior\TokenBuildBehavior [ RunTime:0.000037s ]
INFO: [ view_filter ] --END-- [ RunTime:0.001038s ]
NOTIC: [2] Cannot modify header information - headers already sent by (output started at /Applications/MAMP/htdocs/lh3/ThinkPHP/Conf/convention.php:1) /Applications/MAMP/htdocs/lh3/ThinkPHP/Library/Think/View.class.php 第 91 行.
NOTIC: [2] Cannot modify header information - headers already sent by (output started at /Applications/MAMP/htdocs/lh3/ThinkPHP/Conf/convention.php:1) /Applications/MAMP/htdocs/lh3/ThinkPHP/Library/Think/View.class.php 第 92 行.
NOTIC: [2] Cannot modify header information - headers already sent by (output started at /Applications/MAMP/htdocs/lh3/ThinkPHP/Conf/convention.php:1) /Applications/MAMP/htdocs/lh3/ThinkPHP/Library/Think/View.class.php 第 93 行.
INFO: [ app_end ] --START--
INFO: Run Behavior\ShowPageTraceBehavior [ RunTime:0.000785s ]
INFO: [ app_end ] --END-- [ RunTime:0.000868s ]

[ 2017-07-15T10:15:08+08:00 ] ::1 /lh3/index.php/Tuku/heibai/se/202
INFO: [ app_init ] --START--
INFO: Run Behavior\BuildLiteBehavior [ RunTime:0.000012s ]
INFO: [ app_init ] --END-- [ RunTime:0.000065s ]
INFO: [ app_begin ] --START--
INFO: Run Behavior\ReadHtmlCacheBehavior [ RunTime:0.000377s ]
INFO: [ app_begin ] --END-- [ RunTime:0.000429s ]
NOTIC: [2] session_start(): Cannot send session cache limiter - headers already sent (output started at /Applications/MAMP/htdocs/lh3/ThinkPHP/Conf/convention.php:1) /Applications/MAMP/htdocs/lh3/ThinkPHP/Common/functions.php 第 1264 行.
NOTIC: D方法实例化没找到模型类Home\Model\HeibaiModel
NOTIC: [8] Undefined index: page /Applications/MAMP/htdocs/lh3/Admin/Common/Page.class.php 第 15 行.
INFO: [ view_parse ] --START--
INFO: [ template_filter ] --START--
INFO: Run Behavior\ContentReplaceBehavior [ RunTime:0.000100s ]
INFO: [ template_filter ] --END-- [ RunTime:0.000165s ]
NOTIC: [8] Use of undefined constant title - assumed 'title' /Applications/MAMP/htdocs/lh3/Admin/Home/Common/Common.php 第 29 行.
NOTIC: [8] Use of undefined constant title - assumed 'title' /Applications/MAMP/htdocs/lh3/Admin/Home/Common/Common.php 第 29 行.
NOTIC: [8] Use of undefined constant title - assumed 'title' /Applications/MAMP/htdocs/lh3/Admin/Home/Common/Common.php 第 29 行.
NOTIC: [8] Use of undefined constant title - assumed 'title' /Applications/MAMP/htdocs/lh3/Admin/Home/Common/Common.php 第 29 行.
NOTIC: [8] Use of undefined constant title - assumed 'title' /Applications/MAMP/htdocs/lh3/Admin/Home/Common/Common.php 第 29 行.
NOTIC: [8] Use of undefined constant title - assumed 'title' /Applications/MAMP/htdocs/lh3/Admin/Home/Common/Common.php 第 29 行.
NOTIC: [8] Use of undefined constant title - assumed 'title' /Applications/MAMP/htdocs/lh3/Admin/Home/Common/Common.php 第 29 行.
NOTIC: [8] Use of undefined constant title - assumed 'title' /Applications/MAMP/htdocs/lh3/Admin/Home/Common/Common.php 第 29 行.
NOTIC: [8] Use of undefined constant title - assumed 'title' /Applications/MAMP/htdocs/lh3/Admin/Home/Common/Common.php 第 29 行.
NOTIC: [8] Use of undefined constant title - assumed 'title' /Applications/MAMP/htdocs/lh3/Admin/Home/Common/Common.php 第 29 行.
NOTIC: [8] Use of undefined constant title - assumed 'title' /Applications/MAMP/htdocs/lh3/Admin/Home/Common/Common.php 第 29 行.
NOTIC: [8] Use of undefined constant title - assumed 'title' /Applications/MAMP/htdocs/lh3/Admin/Home/Common/Common.php 第 29 行.
NOTIC: [8] Use of undefined constant title - assumed 'title' /Applications/MAMP/htdocs/lh3/Admin/Home/Common/Common.php 第 29 行.
NOTIC: [8] Use of undefined constant title - assumed 'title' /Applications/MAMP/htdocs/lh3/Admin/Home/Common/Common.php 第 29 行.
NOTIC: [8] Use of undefined constant title - assumed 'title' /Applications/MAMP/htdocs/lh3/Admin/Home/Common/Common.php 第 29 行.
NOTIC: [8] Use of undefined constant title - assumed 'title' /Applications/MAMP/htdocs/lh3/Admin/Home/Common/Common.php 第 29 行.
NOTIC: [8] Use of undefined constant title - assumed 'title' /Applications/MAMP/htdocs/lh3/Admin/Home/Common/Common.php 第 29 行.
NOTIC: [8] Use of undefined constant title - assumed 'title' /Applications/MAMP/htdocs/lh3/Admin/Home/Common/Common.php 第 29 行.
NOTIC: [8] Use of undefined constant title - assumed 'title' /Applications/MAMP/htdocs/lh3/Admin/Home/Common/Common.php 第 29 行.
NOTIC: [8] Use of undefined constant title - assumed 'title' /Applications/MAMP/htdocs/lh3/Admin/Home/Common/Common.php 第 29 行.
NOTIC: [8] Use of undefined constant title - assumed 'title' /Applications/MAMP/htdocs/lh3/Admin/Home/Common/Common.php 第 29 行.
NOTIC: [8] Use of undefined constant title - assumed 'title' /Applications/MAMP/htdocs/lh3/Admin/Home/Common/Common.php 第 29 行.
NOTIC: [8] Use of undefined constant title - assumed 'title' /Applications/MAMP/htdocs/lh3/Admin/Home/Common/Common.php 第 29 行.
NOTIC: [8] Use of undefined constant title - assumed 'title' /Applications/MAMP/htdocs/lh3/Admin/Home/Common/Common.php 第 29 行.
NOTIC: [8] Use of undefined constant title - assumed 'title' /Applications/MAMP/htdocs/lh3/Admin/Home/Common/Common.php 第 29 行.
NOTIC: [8] Use of undefined constant title - assumed 'title' /Applications/MAMP/htdocs/lh3/Admin/Home/Common/Common.php 第 29 行.
NOTIC: [8] Use of undefined constant title - assumed 'title' /Applications/MAMP/htdocs/lh3/Admin/Home/Common/Common.php 第 29 行.
NOTIC: [8] Use of undefined constant title - assumed 'title' /Applications/MAMP/htdocs/lh3/Admin/Home/Common/Common.php 第 29 行.
NOTIC: [8] Use of undefined constant title - assumed 'title' /Applications/MAMP/htdocs/lh3/Admin/Home/Common/Common.php 第 29 行.
NOTIC: [8] Use of undefined constant title - assumed 'title' /Applications/MAMP/htdocs/lh3/Admin/Home/Common/Common.php 第 29 行.
INFO: Run Behavior\ParseTemplateBehavior [ RunTime:0.543545s ]
INFO: [ view_parse ] --END-- [ RunTime:0.543676s ]
INFO: [ view_filter ] --START--
INFO: Run Behavior\WriteHtmlCacheBehavior [ RunTime:0.000319s ]
INFO: Run Behavior\TokenBuildBehavior [ RunTime:0.000457s ]
INFO: Run Behavior\TokenBuildBehavior [ RunTime:0.000039s ]
INFO: [ view_filter ] --END-- [ RunTime:0.000990s ]
NOTIC: [2] Cannot modify header information - headers already sent by (output started at /Applications/MAMP/htdocs/lh3/ThinkPHP/Conf/convention.php:1) /Applications/MAMP/htdocs/lh3/ThinkPHP/Library/Think/View.class.php 第 91 行.
NOTIC: [2] Cannot modify header information - headers already sent by (output started at /Applications/MAMP/htdocs/lh3/ThinkPHP/Conf/convention.php:1) /Applications/MAMP/htdocs/lh3/ThinkPHP/Library/Think/View.class.php 第 92 行.
NOTIC: [2] Cannot modify header information - headers already sent by (output started at /Applications/MAMP/htdocs/lh3/ThinkPHP/Conf/convention.php:1) /Applications/MAMP/htdocs/lh3/ThinkPHP/Library/Think/View.class.php 第 93 行.
INFO: [ app_end ] --START--
INFO: Run Behavior\ShowPageTraceBehavior [ RunTime:0.000693s ]
INFO: [ app_end ] --END-- [ RunTime:0.000770s ]

[ 2017-07-15T10:15:20+08:00 ] ::1 /lh3/index.php/Ziliao/tms/se/241
INFO: [ app_init ] --START--
INFO: Run Behavior\BuildLiteBehavior [ RunTime:0.000040s ]
INFO: [ app_init ] --END-- [ RunTime:0.000164s ]
INFO: [ app_begin ] --START--
INFO: Run Behavior\ReadHtmlCacheBehavior [ RunTime:0.000511s ]
INFO: [ app_begin ] --END-- [ RunTime:0.000583s ]
NOTIC: [2] session_start(): Cannot send session cache limiter - headers already sent (output started at /Applications/MAMP/htdocs/lh3/ThinkPHP/Conf/convention.php:1) /Applications/MAMP/htdocs/lh3/ThinkPHP/Common/functions.php 第 1264 行.
NOTIC: [8] Undefined index: page /Applications/MAMP/htdocs/lh3/Admin/Common/Page.class.php 第 15 行.
INFO: [ view_parse ] --START--
INFO: [ template_filter ] --START--
INFO: Run Behavior\ContentReplaceBehavior [ RunTime:0.000118s ]
INFO: [ template_filter ] --END-- [ RunTime:0.000190s ]
INFO: Run Behavior\ParseTemplateBehavior [ RunTime:0.471105s ]
INFO: [ view_parse ] --END-- [ RunTime:0.471241s ]
INFO: [ view_filter ] --START--
INFO: Run Behavior\WriteHtmlCacheBehavior [ RunTime:0.000347s ]
INFO: Run Behavior\TokenBuildBehavior [ RunTime:0.000495s ]
INFO: Run Behavior\TokenBuildBehavior [ RunTime:0.000058s ]
INFO: [ view_filter ] --END-- [ RunTime:0.001080s ]
NOTIC: [2] Cannot modify header information - headers already sent by (output started at /Applications/MAMP/htdocs/lh3/ThinkPHP/Conf/convention.php:1) /Applications/MAMP/htdocs/lh3/ThinkPHP/Library/Think/View.class.php 第 91 行.
NOTIC: [2] Cannot modify header information - headers already sent by (output started at /Applications/MAMP/htdocs/lh3/ThinkPHP/Conf/convention.php:1) /Applications/MAMP/htdocs/lh3/ThinkPHP/Library/Think/View.class.php 第 92 行.
NOTIC: [2] Cannot modify header information - headers already sent by (output started at /Applications/MAMP/htdocs/lh3/ThinkPHP/Conf/convention.php:1) /Applications/MAMP/htdocs/lh3/ThinkPHP/Library/Think/View.class.php 第 93 行.
INFO: [ app_end ] --START--
INFO: Run Behavior\ShowPageTraceBehavior [ RunTime:0.000804s ]
INFO: [ app_end ] --END-- [ RunTime:0.000891s ]

[ 2017-07-15T13:43:09+08:00 ] ::1 /lhc2/admin/
INFO: [ app_init ] --START--
INFO: Run Behavior\BuildLiteBehavior [ RunTime:0.000015s ]
INFO: [ app_init ] --END-- [ RunTime:0.000074s ]
INFO: [ app_begin ] --START--
INFO: Run Behavior\ReadHtmlCacheBehavior [ RunTime:0.000467s ]
INFO: [ app_begin ] --END-- [ RunTime:0.000522s ]
NOTIC: [2] session_start(): Cannot send session cache limiter - headers already sent (output started at /Applications/MAMP/htdocs/lhc2/admin/ThinkPHP/Conf/convention.php:1) /Applications/MAMP/htdocs/lhc2/admin/ThinkPHP/Common/functions.php 第 1264 行.
INFO: [ view_parse ] --START--
INFO: [ template_filter ] --START--
INFO: Run Behavior\ContentReplaceBehavior [ RunTime:0.000131s ]
INFO: [ template_filter ] --END-- [ RunTime:0.000217s ]
INFO: Run Behavior\ParseTemplateBehavior [ RunTime:0.342315s ]
INFO: [ view_parse ] --END-- [ RunTime:0.342436s ]
INFO: [ view_filter ] --START--
INFO: Run Behavior\WriteHtmlCacheBehavior [ RunTime:0.000289s ]
INFO: Run Behavior\TokenBuildBehavior [ RunTime:0.000359s ]
INFO: Run Behavior\TokenBuildBehavior [ RunTime:0.000023s ]
INFO: [ view_filter ] --END-- [ RunTime:0.000811s ]
NOTIC: [2] Cannot modify header information - headers already sent by (output started at /Applications/MAMP/htdocs/lhc2/admin/ThinkPHP/Conf/convention.php:1) /Applications/MAMP/htdocs/lhc2/admin/ThinkPHP/Library/Think/View.class.php 第 91 行.
NOTIC: [2] Cannot modify header information - headers already sent by (output started at /Applications/MAMP/htdocs/lhc2/admin/ThinkPHP/Conf/convention.php:1) /Applications/MAMP/htdocs/lhc2/admin/ThinkPHP/Library/Think/View.class.php 第 92 行.
NOTIC: [2] Cannot modify header information - headers already sent by (output started at /Applications/MAMP/htdocs/lhc2/admin/ThinkPHP/Conf/convention.php:1) /Applications/MAMP/htdocs/lhc2/admin/ThinkPHP/Library/Think/View.class.php 第 93 行.
INFO: [ app_end ] --START--
INFO: Run Behavior\ShowPageTraceBehavior [ RunTime:0.000585s ]
INFO: [ app_end ] --END-- [ RunTime:0.000649s ]

[ 2017-07-15T13:43:23+08:00 ] ::1 /lhc2/admin/index.php/Home/Index/clear
INFO: [ app_init ] --START--
INFO: Run Behavior\BuildLiteBehavior [ RunTime:0.000030s ]
INFO: [ app_init ] --END-- [ RunTime:0.000190s ]
INFO: [ app_begin ] --START--
INFO: Run Behavior\ReadHtmlCacheBehavior [ RunTime:0.000421s ]
INFO: [ app_begin ] --END-- [ RunTime:0.000473s ]
NOTIC: [2] session_start(): Cannot send session cache limiter - headers already sent (output started at /Applications/MAMP/htdocs/lhc2/admin/ThinkPHP/Conf/convention.php:1) /Applications/MAMP/htdocs/lhc2/admin/ThinkPHP/Common/functions.php 第 1264 行.
INFO: [ app_end ] --START--
INFO: Run Behavior\ShowPageTraceBehavior [ RunTime:0.000476s ]
INFO: [ app_end ] --END-- [ RunTime:0.000528s ]

[ 2017-07-15T13:45:35+08:00 ] ::1 /lhc2/admin/index.php/Article/manage/se/260
INFO: [ app_init ] --START--
INFO: Run Behavior\BuildLiteBehavior [ RunTime:0.000016s ]
INFO: [ app_init ] --END-- [ RunTime:0.000074s ]
INFO: [ app_begin ] --START--
INFO: Run Behavior\ReadHtmlCacheBehavior [ RunTime:0.000407s ]
INFO: [ app_begin ] --END-- [ RunTime:0.000457s ]
NOTIC: [2] session_start(): Cannot send session cache limiter - headers already sent (output started at /Applications/MAMP/htdocs/lhc2/admin/ThinkPHP/Conf/convention.php:1) /Applications/MAMP/htdocs/lhc2/admin/ThinkPHP/Common/functions.php 第 1264 行.
NOTIC: [8] Undefined index: page /Applications/MAMP/htdocs/lhc2/admin/Admin/Common/Page.class.php 第 15 行.
INFO: [ view_parse ] --START--
INFO: [ template_filter ] --START--
INFO: Run Behavior\ContentReplaceBehavior [ RunTime:0.000116s ]
INFO: [ template_filter ] --END-- [ RunTime:0.000178s ]
NOTIC: [8] Undefined variable: keyword /Applications/MAMP/htdocs/lhc2/admin/Admin/Runtime/Cache/Home/d9a4fb30ed87daffaf87c8aea2ed5489.php 第 246 行.
INFO: Run Behavior\ParseTemplateBehavior [ RunTime:0.358622s ]
INFO: [ view_parse ] --END-- [ RunTime:0.358778s ]
INFO: [ view_filter ] --START--
INFO: Run Behavior\WriteHtmlCacheBehavior [ RunTime:0.000339s ]
INFO: Run Behavior\TokenBuildBehavior [ RunTime:0.000479s ]
INFO: Run Behavior\TokenBuildBehavior [ RunTime:0.000047s ]
INFO: [ view_filter ] --END-- [ RunTime:0.001045s ]
NOTIC: [2] Cannot modify header information - headers already sent by (output started at /Applications/MAMP/htdocs/lhc2/admin/ThinkPHP/Conf/convention.php:1) /Applications/MAMP/htdocs/lhc2/admin/ThinkPHP/Library/Think/View.class.php 第 91 行.
NOTIC: [2] Cannot modify header information - headers already sent by (output started at /Applications/MAMP/htdocs/lhc2/admin/ThinkPHP/Conf/convention.php:1) /Applications/MAMP/htdocs/lhc2/admin/ThinkPHP/Library/Think/View.class.php 第 92 行.
NOTIC: [2] Cannot modify header information - headers already sent by (output started at /Applications/MAMP/htdocs/lhc2/admin/ThinkPHP/Conf/convention.php:1) /Applications/MAMP/htdocs/lhc2/admin/ThinkPHP/Library/Think/View.class.php 第 93 行.
INFO: [ app_end ] --START--
INFO: Run Behavior\ShowPageTraceBehavior [ RunTime:0.000849s ]
INFO: [ app_end ] --END-- [ RunTime:0.000933s ]

[ 2017-07-15T13:45:43+08:00 ] ::1 /lhc2/admin/index.php/Article/manage/se/260?&page=2
INFO: [ app_init ] --START--
INFO: Run Behavior\BuildLiteBehavior [ RunTime:0.000014s ]
INFO: [ app_init ] --END-- [ RunTime:0.000103s ]
INFO: [ app_begin ] --START--
INFO: Run Behavior\ReadHtmlCacheBehavior [ RunTime:0.000468s ]
INFO: [ app_begin ] --END-- [ RunTime:0.000523s ]
NOTIC: [2] session_start(): Cannot send session cache limiter - headers already sent (output started at /Applications/MAMP/htdocs/lhc2/admin/ThinkPHP/Conf/convention.php:1) /Applications/MAMP/htdocs/lhc2/admin/ThinkPHP/Common/functions.php 第 1264 行.
INFO: [ view_parse ] --START--
INFO: [ template_filter ] --START--
INFO: Run Behavior\ContentReplaceBehavior [ RunTime:0.000114s ]
INFO: [ template_filter ] --END-- [ RunTime:0.000180s ]
NOTIC: [8] Undefined variable: keyword /Applications/MAMP/htdocs/lhc2/admin/Admin/Runtime/Cache/Home/d9a4fb30ed87daffaf87c8aea2ed5489.php 第 246 行.
INFO: Run Behavior\ParseTemplateBehavior [ RunTime:0.336489s ]
INFO: [ view_parse ] --END-- [ RunTime:0.336639s ]
INFO: [ view_filter ] --START--
INFO: Run Behavior\WriteHtmlCacheBehavior [ RunTime:0.000345s ]
INFO: Run Behavior\TokenBuildBehavior [ RunTime:0.000481s ]
INFO: Run Behavior\TokenBuildBehavior [ RunTime:0.000042s ]
INFO: [ view_filter ] --END-- [ RunTime:0.001047s ]
NOTIC: [2] Cannot modify header information - headers already sent by (output started at /Applications/MAMP/htdocs/lhc2/admin/ThinkPHP/Conf/convention.php:1) /Applications/MAMP/htdocs/lhc2/admin/ThinkPHP/Library/Think/View.class.php 第 91 行.
NOTIC: [2] Cannot modify header information - headers already sent by (output started at /Applications/MAMP/htdocs/lhc2/admin/ThinkPHP/Conf/convention.php:1) /Applications/MAMP/htdocs/lhc2/admin/ThinkPHP/Library/Think/View.class.php 第 92 行.
NOTIC: [2] Cannot modify header information - headers already sent by (output started at /Applications/MAMP/htdocs/lhc2/admin/ThinkPHP/Conf/convention.php:1) /Applications/MAMP/htdocs/lhc2/admin/ThinkPHP/Library/Think/View.class.php 第 93 行.
INFO: [ app_end ] --START--
INFO: Run Behavior\ShowPageTraceBehavior [ RunTime:0.000839s ]
INFO: [ app_end ] --END-- [ RunTime:0.000932s ]

[ 2017-07-15T13:45:48+08:00 ] ::1 /lhc2/admin/index.php/Home/Article/manage_edit?id=62
INFO: [ app_init ] --START--
INFO: Run Behavior\BuildLiteBehavior [ RunTime:0.000013s ]
INFO: [ app_init ] --END-- [ RunTime:0.000076s ]
INFO: [ app_begin ] --START--
INFO: Run Behavior\ReadHtmlCacheBehavior [ RunTime:0.000684s ]
INFO: [ app_begin ] --END-- [ RunTime:0.000774s ]
NOTIC: [2] session_start(): Cannot send session cache limiter - headers already sent (output started at /Applications/MAMP/htdocs/lhc2/admin/ThinkPHP/Conf/convention.php:1) /Applications/MAMP/htdocs/lhc2/admin/ThinkPHP/Common/functions.php 第 1264 行.
INFO: [ view_parse ] --START--
INFO: [ template_filter ] --START--
INFO: Run Behavior\ContentReplaceBehavior [ RunTime:0.000090s ]
INFO: [ template_filter ] --END-- [ RunTime:0.000146s ]
INFO: Run Behavior\ParseTemplateBehavior [ RunTime:0.320058s ]
INFO: [ view_parse ] --END-- [ RunTime:0.320204s ]
INFO: [ view_filter ] --START--
INFO: Run Behavior\WriteHtmlCacheBehavior [ RunTime:0.000336s ]
INFO: Run Behavior\TokenBuildBehavior [ RunTime:0.000471s ]
INFO: Run Behavior\TokenBuildBehavior [ RunTime:0.000053s ]
INFO: [ view_filter ] --END-- [ RunTime:0.001037s ]
NOTIC: [2] Cannot modify header information - headers already sent by (output started at /Applications/MAMP/htdocs/lhc2/admin/ThinkPHP/Conf/convention.php:1) /Applications/MAMP/htdocs/lhc2/admin/ThinkPHP/Library/Think/View.class.php 第 91 行.
NOTIC: [2] Cannot modify header information - headers already sent by (output started at /Applications/MAMP/htdocs/lhc2/admin/ThinkPHP/Conf/convention.php:1) /Applications/MAMP/htdocs/lhc2/admin/ThinkPHP/Library/Think/View.class.php 第 92 行.
NOTIC: [2] Cannot modify header information - headers already sent by (output started at /Applications/MAMP/htdocs/lhc2/admin/ThinkPHP/Conf/convention.php:1) /Applications/MAMP/htdocs/lhc2/admin/ThinkPHP/Library/Think/View.class.php 第 93 行.
INFO: [ app_end ] --START--
INFO: Run Behavior\ShowPageTraceBehavior [ RunTime:0.000818s ]
INFO: [ app_end ] --END-- [ RunTime:0.000911s ]

[ 2017-07-15T13:45:48+08:00 ] ::1 /lhc2/admin/Public/css/themes/default/default.css
INFO: [ app_init ] --START--
INFO: Run Behavior\BuildLiteBehavior [ RunTime:0.000015s ]
INFO: [ app_init ] --END-- [ RunTime:0.000078s ]
INFO: [ app_begin ] --START--
INFO: Run Behavior\ReadHtmlCacheBehavior [ RunTime:0.000426s ]
INFO: [ app_begin ] --END-- [ RunTime:0.000483s ]
NOTIC: [2] session_start(): Cannot send session cache limiter - headers already sent (output started at /Applications/MAMP/htdocs/lhc2/admin/ThinkPHP/Conf/convention.php:1) /Applications/MAMP/htdocs/lhc2/admin/ThinkPHP/Common/functions.php 第 1264 行.
INFO: [ app_end ] --START--
INFO: Run Behavior\ShowPageTraceBehavior [ RunTime:0.000433s ]
INFO: [ app_end ] --END-- [ RunTime:0.000486s ]

[ 2017-07-15T13:56:21+08:00 ] ::1 /lhc2/admin/index.php/Article/inner_info/se/261
INFO: [ app_init ] --START--
INFO: Run Behavior\BuildLiteBehavior [ RunTime:0.000014s ]
INFO: [ app_init ] --END-- [ RunTime:0.000099s ]
INFO: [ app_begin ] --START--
INFO: Run Behavior\ReadHtmlCacheBehavior [ RunTime:0.000429s ]
INFO: [ app_begin ] --END-- [ RunTime:0.000484s ]
NOTIC: [2] session_start(): Cannot send session cache limiter - headers already sent (output started at /Applications/MAMP/htdocs/lhc2/admin/ThinkPHP/Conf/convention.php:1) /Applications/MAMP/htdocs/lhc2/admin/ThinkPHP/Common/functions.php 第 1264 行.
INFO: [ view_parse ] --START--
INFO: [ template_filter ] --START--
INFO: Run Behavior\ContentReplaceBehavior [ RunTime:0.000099s ]
INFO: [ template_filter ] --END-- [ RunTime:0.000158s ]
NOTIC: [8] Undefined variable: keyword /Applications/MAMP/htdocs/lhc2/admin/Admin/Runtime/Cache/Home/b6ce39416b1282ef354f114dc3598d41.php 第 246 行.
NOTIC: [8] Undefined variable: page /Applications/MAMP/htdocs/lhc2/admin/Admin/Runtime/Cache/Home/b6ce39416b1282ef354f114dc3598d41.php 第 318 行.
INFO: Run Behavior\ParseTemplateBehavior [ RunTime:0.338827s ]
INFO: [ view_parse ] --END-- [ RunTime:0.338983s ]
INFO: [ view_filter ] --START--
INFO: Run Behavior\WriteHtmlCacheBehavior [ RunTime:0.000356s ]
INFO: Run Behavior\TokenBuildBehavior [ RunTime:0.000460s ]
INFO: Run Behavior\TokenBuildBehavior [ RunTime:0.000032s ]
INFO: [ view_filter ] --END-- [ RunTime:0.001029s ]
NOTIC: [2] Cannot modify header information - headers already sent by (output started at /Applications/MAMP/htdocs/lhc2/admin/ThinkPHP/Conf/convention.php:1) /Applications/MAMP/htdocs/lhc2/admin/ThinkPHP/Library/Think/View.class.php 第 91 行.
NOTIC: [2] Cannot modify header information - headers already sent by (output started at /Applications/MAMP/htdocs/lhc2/admin/ThinkPHP/Conf/convention.php:1) /Applications/MAMP/htdocs/lhc2/admin/ThinkPHP/Library/Think/View.class.php 第 92 行.
NOTIC: [2] Cannot modify header information - headers already sent by (output started at /Applications/MAMP/htdocs/lhc2/admin/ThinkPHP/Conf/convention.php:1) /Applications/MAMP/htdocs/lhc2/admin/ThinkPHP/Library/Think/View.class.php 第 93 行.
INFO: [ app_end ] --START--
INFO: Run Behavior\ShowPageTraceBehavior [ RunTime:0.000859s ]
INFO: [ app_end ] --END-- [ RunTime:0.000952s ]

[ 2017-07-15T13:56:24+08:00 ] ::1 /lhc2/admin/index.php/Article/manage/se/260
INFO: [ app_init ] --START--
INFO: Run Behavior\BuildLiteBehavior [ RunTime:0.000010s ]
INFO: [ app_init ] --END-- [ RunTime:0.000063s ]
INFO: [ app_begin ] --START--
INFO: Run Behavior\ReadHtmlCacheBehavior [ RunTime:0.000372s ]
INFO: [ app_begin ] --END-- [ RunTime:0.000420s ]
NOTIC: [2] session_start(): Cannot send session cache limiter - headers already sent (output started at /Applications/MAMP/htdocs/lhc2/admin/ThinkPHP/Conf/convention.php:1) /Applications/MAMP/htdocs/lhc2/admin/ThinkPHP/Common/functions.php 第 1264 行.
NOTIC: [8] Undefined index: page /Applications/MAMP/htdocs/lhc2/admin/Admin/Common/Page.class.php 第 15 行.
INFO: [ view_parse ] --START--
INFO: [ template_filter ] --START--
INFO: Run Behavior\ContentReplaceBehavior [ RunTime:0.000117s ]
INFO: [ template_filter ] --END-- [ RunTime:0.000186s ]
NOTIC: [8] Undefined variable: keyword /Applications/MAMP/htdocs/lhc2/admin/Admin/Runtime/Cache/Home/d9a4fb30ed87daffaf87c8aea2ed5489.php 第 246 行.
INFO: Run Behavior\ParseTemplateBehavior [ RunTime:0.398838s ]
INFO: [ view_parse ] --END-- [ RunTime:0.398977s ]
INFO: [ view_filter ] --START--
INFO: Run Behavior\WriteHtmlCacheBehavior [ RunTime:0.000272s ]
INFO: Run Behavior\TokenBuildBehavior [ RunTime:0.000366s ]
INFO: Run Behavior\TokenBuildBehavior [ RunTime:0.000038s ]
INFO: [ view_filter ] --END-- [ RunTime:0.000839s ]
NOTIC: [2] Cannot modify header information - headers already sent by (output started at /Applications/MAMP/htdocs/lhc2/admin/ThinkPHP/Conf/convention.php:1) /Applications/MAMP/htdocs/lhc2/admin/ThinkPHP/Library/Think/View.class.php 第 91 行.
NOTIC: [2] Cannot modify header information - headers already sent by (output started at /Applications/MAMP/htdocs/lhc2/admin/ThinkPHP/Conf/convention.php:1) /Applications/MAMP/htdocs/lhc2/admin/ThinkPHP/Library/Think/View.class.php 第 92 行.
NOTIC: [2] Cannot modify header information - headers already sent by (output started at /Applications/MAMP/htdocs/lhc2/admin/ThinkPHP/Conf/convention.php:1) /Applications/MAMP/htdocs/lhc2/admin/ThinkPHP/Library/Think/View.class.php 第 93 行.
INFO: [ app_end ] --START--
INFO: Run Behavior\ShowPageTraceBehavior [ RunTime:0.000630s ]
INFO: [ app_end ] --END-- [ RunTime:0.000700s ]

[ 2017-07-15T13:56:25+08:00 ] ::1 /lhc2/admin/index.php/Article/inner_info/se/261
INFO: [ app_init ] --START--
INFO: Run Behavior\BuildLiteBehavior [ RunTime:0.000014s ]
INFO: [ app_init ] --END-- [ RunTime:0.000075s ]
INFO: [ app_begin ] --START--
INFO: Run Behavior\ReadHtmlCacheBehavior [ RunTime:0.000377s ]
INFO: [ app_begin ] --END-- [ RunTime:0.000426s ]
NOTIC: [2] session_start(): Cannot send session cache limiter - headers already sent (output started at /Applications/MAMP/htdocs/lhc2/admin/ThinkPHP/Conf/convention.php:1) /Applications/MAMP/htdocs/lhc2/admin/ThinkPHP/Common/functions.php 第 1264 行.
INFO: [ view_parse ] --START--
INFO: [ template_filter ] --START--
INFO: Run Behavior\ContentReplaceBehavior [ RunTime:0.000126s ]
INFO: [ template_filter ] --END-- [ RunTime:0.000204s ]
NOTIC: [8] Undefined variable: keyword /Applications/MAMP/htdocs/lhc2/admin/Admin/Runtime/Cache/Home/b6ce39416b1282ef354f114dc3598d41.php 第 246 行.
NOTIC: [8] Undefined variable: page /Applications/MAMP/htdocs/lhc2/admin/Admin/Runtime/Cache/Home/b6ce39416b1282ef354f114dc3598d41.php 第 318 行.
INFO: Run Behavior\ParseTemplateBehavior [ RunTime:0.347067s ]
INFO: [ view_parse ] --END-- [ RunTime:0.347199s ]
INFO: [ view_filter ] --START--
INFO: Run Behavior\WriteHtmlCacheBehavior [ RunTime:0.000357s ]
INFO: Run Behavior\TokenBuildBehavior [ RunTime:0.000451s ]
INFO: Run Behavior\TokenBuildBehavior [ RunTime:0.000032s ]
INFO: [ view_filter ] --END-- [ RunTime:0.001022s ]
NOTIC: [2] Cannot modify header information - headers already sent by (output started at /Applications/MAMP/htdocs/lhc2/admin/ThinkPHP/Conf/convention.php:1) /Applications/MAMP/htdocs/lhc2/admin/ThinkPHP/Library/Think/View.class.php 第 91 行.
NOTIC: [2] Cannot modify header information - headers already sent by (output started at /Applications/MAMP/htdocs/lhc2/admin/ThinkPHP/Conf/convention.php:1) /Applications/MAMP/htdocs/lhc2/admin/ThinkPHP/Library/Think/View.class.php 第 92 行.
NOTIC: [2] Cannot modify header information - headers already sent by (output started at /Applications/MAMP/htdocs/lhc2/admin/ThinkPHP/Conf/convention.php:1) /Applications/MAMP/htdocs/lhc2/admin/ThinkPHP/Library/Think/View.class.php 第 93 行.
INFO: [ app_end ] --START--
INFO: Run Behavior\ShowPageTraceBehavior [ RunTime:0.000818s ]
INFO: [ app_end ] --END-- [ RunTime:0.000911s ]

[ 2017-07-15T13:56:27+08:00 ] ::1 /lhc2/admin/index.php/Home/Article/innerInfo_add
INFO: [ app_init ] --START--
INFO: Run Behavior\BuildLiteBehavior [ RunTime:0.000013s ]
INFO: [ app_init ] --END-- [ RunTime:0.000073s ]
INFO: [ app_begin ] --START--
INFO: Run Behavior\ReadHtmlCacheBehavior [ RunTime:0.000395s ]
INFO: [ app_begin ] --END-- [ RunTime:0.000446s ]
NOTIC: [2] session_start(): Cannot send session cache limiter - headers already sent (output started at /Applications/MAMP/htdocs/lhc2/admin/ThinkPHP/Conf/convention.php:1) /Applications/MAMP/htdocs/lhc2/admin/ThinkPHP/Common/functions.php 第 1264 行.
INFO: [ view_parse ] --START--
INFO: [ template_filter ] --START--
INFO: Run Behavior\ContentReplaceBehavior [ RunTime:0.000095s ]
INFO: [ template_filter ] --END-- [ RunTime:0.000163s ]
INFO: Run Behavior\ParseTemplateBehavior [ RunTime:0.463798s ]
INFO: [ view_parse ] --END-- [ RunTime:0.463927s ]
INFO: [ view_filter ] --START--
INFO: Run Behavior\WriteHtmlCacheBehavior [ RunTime:0.000274s ]
INFO: Run Behavior\TokenBuildBehavior [ RunTime:0.000357s ]
INFO: Run Behavior\TokenBuildBehavior [ RunTime:0.000023s ]
INFO: [ view_filter ] --END-- [ RunTime:0.000795s ]
NOTIC: [2] Cannot modify header information - headers already sent by (output started at /Applications/MAMP/htdocs/lhc2/admin/ThinkPHP/Conf/convention.php:1) /Applications/MAMP/htdocs/lhc2/admin/ThinkPHP/Library/Think/View.class.php 第 91 行.
NOTIC: [2] Cannot modify header information - headers already sent by (output started at /Applications/MAMP/htdocs/lhc2/admin/ThinkPHP/Conf/convention.php:1) /Applications/MAMP/htdocs/lhc2/admin/ThinkPHP/Library/Think/View.class.php 第 92 行.
NOTIC: [2] Cannot modify header information - headers already sent by (output started at /Applications/MAMP/htdocs/lhc2/admin/ThinkPHP/Conf/convention.php:1) /Applications/MAMP/htdocs/lhc2/admin/ThinkPHP/Library/Think/View.class.php 第 93 行.
INFO: [ app_end ] --START--
INFO: Run Behavior\ShowPageTraceBehavior [ RunTime:0.000638s ]
INFO: [ app_end ] --END-- [ RunTime:0.000710s ]

[ 2017-07-15T13:56:27+08:00 ] ::1 /lhc2/admin/Public/css/themes/default/default.css
INFO: [ app_init ] --START--
INFO: Run Behavior\BuildLiteBehavior [ RunTime:0.000016s ]
INFO: [ app_init ] --END-- [ RunTime:0.000079s ]
INFO: [ app_begin ] --START--
INFO: Run Behavior\ReadHtmlCacheBehavior [ RunTime:0.000509s ]
INFO: [ app_begin ] --END-- [ RunTime:0.000581s ]
NOTIC: [2] session_start(): Cannot send session cache limiter - headers already sent (output started at /Applications/MAMP/htdocs/lhc2/admin/ThinkPHP/Conf/convention.php:1) /Applications/MAMP/htdocs/lhc2/admin/ThinkPHP/Common/functions.php 第 1264 行.
INFO: [ app_end ] --START--
INFO: Run Behavior\ShowPageTraceBehavior [ RunTime:0.000506s ]
INFO: [ app_end ] --END-- [ RunTime:0.000563s ]

[ 2017-07-15T13:56:31+08:00 ] ::1 /lhc2/admin/index.php/Home/Article/innerInfo_add
INFO: [ app_init ] --START--
INFO: Run Behavior\BuildLiteBehavior [ RunTime:0.000011s ]
INFO: [ app_init ] --END-- [ RunTime:0.000064s ]
INFO: [ app_begin ] --START--
INFO: Run Behavior\ReadHtmlCacheBehavior [ RunTime:0.000363s ]
INFO: [ app_begin ] --END-- [ RunTime:0.000418s ]
NOTIC: [2] session_start(): Cannot send session cache limiter - headers already sent (output started at /Applications/MAMP/htdocs/lhc2/admin/ThinkPHP/Conf/convention.php:1) /Applications/MAMP/htdocs/lhc2/admin/ThinkPHP/Common/functions.php 第 1264 行.
NOTIC: [2] Cannot modify header information - headers already sent by (output started at /Applications/MAMP/htdocs/lhc2/admin/ThinkPHP/Conf/convention.php:1) /Applications/MAMP/htdocs/lhc2/admin/ThinkPHP/Library/Think/Controller.class.php 第 215 行.

[ 2017-07-15T13:56:33+08:00 ] ::1 /lhc2/admin/index.php/Article/inner_info/se/261
INFO: [ app_init ] --START--
INFO: Run Behavior\BuildLiteBehavior [ RunTime:0.000011s ]
INFO: [ app_init ] --END-- [ RunTime:0.000066s ]
INFO: [ app_begin ] --START--
INFO: Run Behavior\ReadHtmlCacheBehavior [ RunTime:0.000386s ]
INFO: [ app_begin ] --END-- [ RunTime:0.000436s ]
NOTIC: [2] session_start(): Cannot send session cache limiter - headers already sent (output started at /Applications/MAMP/htdocs/lhc2/admin/ThinkPHP/Conf/convention.php:1) /Applications/MAMP/htdocs/lhc2/admin/ThinkPHP/Common/functions.php 第 1264 行.
INFO: [ view_parse ] --START--
INFO: [ template_filter ] --START--
INFO: Run Behavior\ContentReplaceBehavior [ RunTime:0.000121s ]
INFO: [ template_filter ] --END-- [ RunTime:0.000201s ]
NOTIC: [8] Undefined variable: keyword /Applications/MAMP/htdocs/lhc2/admin/Admin/Runtime/Cache/Home/b6ce39416b1282ef354f114dc3598d41.php 第 246 行.
NOTIC: [8] Undefined variable: page /Applications/MAMP/htdocs/lhc2/admin/Admin/Runtime/Cache/Home/b6ce39416b1282ef354f114dc3598d41.php 第 318 行.
INFO: Run Behavior\ParseTemplateBehavior [ RunTime:0.452507s ]
INFO: [ view_parse ] --END-- [ RunTime:0.452623s ]
INFO: [ view_filter ] --START--
INFO: Run Behavior\WriteHtmlCacheBehavior [ RunTime:0.000255s ]
INFO: Run Behavior\TokenBuildBehavior [ RunTime:0.000364s ]
INFO: Run Behavior\TokenBuildBehavior [ RunTime:0.000025s ]
INFO: [ view_filter ] --END-- [ RunTime:0.000788s ]
NOTIC: [2] Cannot modify header information - headers already sent by (output started at /Applications/MAMP/htdocs/lhc2/admin/ThinkPHP/Conf/convention.php:1) /Applications/MAMP/htdocs/lhc2/admin/ThinkPHP/Library/Think/View.class.php 第 91 行.
NOTIC: [2] Cannot modify header information - headers already sent by (output started at /Applications/MAMP/htdocs/lhc2/admin/ThinkPHP/Conf/convention.php:1) /Applications/MAMP/htdocs/lhc2/admin/ThinkPHP/Library/Think/View.class.php 第 92 行.
NOTIC: [2] Cannot modify header information - headers already sent by (output started at /Applications/MAMP/htdocs/lhc2/admin/ThinkPHP/Conf/convention.php:1) /Applications/MAMP/htdocs/lhc2/admin/ThinkPHP/Library/Think/View.class.php 第 93 行.
INFO: [ app_end ] --START--
INFO: Run Behavior\ShowPageTraceBehavior [ RunTime:0.000746s ]
INFO: [ app_end ] --END-- [ RunTime:0.000826s ]

[ 2017-07-15T13:56:35+08:00 ] ::1 /lhc2/admin/index.php/Home/Article/innerInfo_edit?id=4
INFO: [ app_init ] --START--
INFO: Run Behavior\BuildLiteBehavior [ RunTime:0.000011s ]
INFO: [ app_init ] --END-- [ RunTime:0.000066s ]
INFO: [ app_begin ] --START--
INFO: Run Behavior\ReadHtmlCacheBehavior [ RunTime:0.000379s ]
INFO: [ app_begin ] --END-- [ RunTime:0.000429s ]
NOTIC: [2] session_start(): Cannot send session cache limiter - headers already sent (output started at /Applications/MAMP/htdocs/lhc2/admin/ThinkPHP/Conf/convention.php:1) /Applications/MAMP/htdocs/lhc2/admin/ThinkPHP/Common/functions.php 第 1264 行.
INFO: [ view_parse ] --START--
INFO: [ template_filter ] --START--
INFO: Run Behavior\ContentReplaceBehavior [ RunTime:0.000095s ]
INFO: [ template_filter ] --END-- [ RunTime:0.000150s ]
INFO: Run Behavior\ParseTemplateBehavior [ RunTime:0.460433s ]
INFO: [ view_parse ] --END-- [ RunTime:0.460581s ]
INFO: [ view_filter ] --START--
INFO: Run Behavior\WriteHtmlCacheBehavior [ RunTime:0.000340s ]
INFO: Run Behavior\TokenBuildBehavior [ RunTime:0.000453s ]
INFO: Run Behavior\TokenBuildBehavior [ RunTime:0.000031s ]
INFO: [ view_filter ] --END-- [ RunTime:0.001004s ]
NOTIC: [2] Cannot modify header information - headers already sent by (output started at /Applications/MAMP/htdocs/lhc2/admin/ThinkPHP/Conf/convention.php:1) /Applications/MAMP/htdocs/lhc2/admin/ThinkPHP/Library/Think/View.class.php 第 91 行.
NOTIC: [2] Cannot modify header information - headers already sent by (output started at /Applications/MAMP/htdocs/lhc2/admin/ThinkPHP/Conf/convention.php:1) /Applications/MAMP/htdocs/lhc2/admin/ThinkPHP/Library/Think/View.class.php 第 92 行.
NOTIC: [2] Cannot modify header information - headers already sent by (output started at /Applications/MAMP/htdocs/lhc2/admin/ThinkPHP/Conf/convention.php:1) /Applications/MAMP/htdocs/lhc2/admin/ThinkPHP/Library/Think/View.class.php 第 93 行.
INFO: [ app_end ] --START--
INFO: Run Behavior\ShowPageTraceBehavior [ RunTime:0.000807s ]
INFO: [ app_end ] --END-- [ RunTime:0.000897s ]

[ 2017-07-15T13:56:35+08:00 ] ::1 /lhc2/admin/Public/css/themes/default/default.css
INFO: [ app_init ] --START--
INFO: Run Behavior\BuildLiteBehavior [ RunTime:0.000014s ]
INFO: [ app_init ] --END-- [ RunTime:0.000082s ]
INFO: [ app_begin ] --START--
INFO: Run Behavior\ReadHtmlCacheBehavior [ RunTime:0.000577s ]
INFO: [ app_begin ] --END-- [ RunTime:0.000639s ]
NOTIC: [2] session_start(): Cannot send session cache limiter - headers already sent (output started at /Applications/MAMP/htdocs/lhc2/admin/ThinkPHP/Conf/convention.php:1) /Applications/MAMP/htdocs/lhc2/admin/ThinkPHP/Common/functions.php 第 1264 行.
INFO: [ app_end ] --START--
INFO: Run Behavior\ShowPageTraceBehavior [ RunTime:0.000421s ]
INFO: [ app_end ] --END-- [ RunTime:0.000473s ]

[ 2017-07-15T13:56:38+08:00 ] ::1 /lhc2/admin/index.php/Article/inner_info/se/261
INFO: [ app_init ] --START--
INFO: Run Behavior\BuildLiteBehavior [ RunTime:0.000011s ]
INFO: [ app_init ] --END-- [ RunTime:0.000066s ]
INFO: [ app_begin ] --START--
INFO: Run Behavior\ReadHtmlCacheBehavior [ RunTime:0.000407s ]
INFO: [ app_begin ] --END-- [ RunTime:0.000457s ]
NOTIC: [2] session_start(): Cannot send session cache limiter - headers already sent (output started at /Applications/MAMP/htdocs/lhc2/admin/ThinkPHP/Conf/convention.php:1) /Applications/MAMP/htdocs/lhc2/admin/ThinkPHP/Common/functions.php 第 1264 行.
INFO: [ view_parse ] --START--
INFO: [ template_filter ] --START--
INFO: Run Behavior\ContentReplaceBehavior [ RunTime:0.000147s ]
INFO: [ template_filter ] --END-- [ RunTime:0.000241s ]
NOTIC: [8] Undefined variable: keyword /Applications/MAMP/htdocs/lhc2/admin/Admin/Runtime/Cache/Home/b6ce39416b1282ef354f114dc3598d41.php 第 246 行.
NOTIC: [8] Undefined variable: page /Applications/MAMP/htdocs/lhc2/admin/Admin/Runtime/Cache/Home/b6ce39416b1282ef354f114dc3598d41.php 第 318 行.
INFO: Run Behavior\ParseTemplateBehavior [ RunTime:0.424785s ]
INFO: [ view_parse ] --END-- [ RunTime:0.424924s ]
INFO: [ view_filter ] --START--
INFO: Run Behavior\WriteHtmlCacheBehavior [ RunTime:0.000334s ]
INFO: Run Behavior\TokenBuildBehavior [ RunTime:0.000449s ]
INFO: Run Behavior\TokenBuildBehavior [ RunTime:0.000032s ]
INFO: [ view_filter ] --END-- [ RunTime:0.000993s ]
NOTIC: [2] Cannot modify header information - headers already sent by (output started at /Applications/MAMP/htdocs/lhc2/admin/ThinkPHP/Conf/convention.php:1) /Applications/MAMP/htdocs/lhc2/admin/ThinkPHP/Library/Think/View.class.php 第 91 行.
NOTIC: [2] Cannot modify header information - headers already sent by (output started at /Applications/MAMP/htdocs/lhc2/admin/ThinkPHP/Conf/convention.php:1) /Applications/MAMP/htdocs/lhc2/admin/ThinkPHP/Library/Think/View.class.php 第 92 行.
NOTIC: [2] Cannot modify header information - headers already sent by (output started at /Applications/MAMP/htdocs/lhc2/admin/ThinkPHP/Conf/convention.php:1) /Applications/MAMP/htdocs/lhc2/admin/ThinkPHP/Library/Think/View.class.php 第 93 行.
INFO: [ app_end ] --START--
INFO: Run Behavior\ShowPageTraceBehavior [ RunTime:0.000871s ]
INFO: [ app_end ] --END-- [ RunTime:0.000970s ]

[ 2017-07-15T13:56:49+08:00 ] ::1 /lhc2/admin/index.php/Article/manage/se/260
INFO: [ app_init ] --START--
INFO: Run Behavior\BuildLiteBehavior [ RunTime:0.000017s ]
INFO: [ app_init ] --END-- [ RunTime:0.000106s ]
INFO: [ app_begin ] --START--
INFO: Run Behavior\ReadHtmlCacheBehavior [ RunTime:0.000432s ]
INFO: [ app_begin ] --END-- [ RunTime:0.000488s ]
NOTIC: [2] session_start(): Cannot send session cache limiter - headers already sent (output started at /Applications/MAMP/htdocs/lhc2/admin/ThinkPHP/Conf/convention.php:1) /Applications/MAMP/htdocs/lhc2/admin/ThinkPHP/Common/functions.php 第 1264 行.
NOTIC: [8] Undefined index: page /Applications/MAMP/htdocs/lhc2/admin/Admin/Common/Page.class.php 第 15 行.
INFO: [ view_parse ] --START--
INFO: [ template_filter ] --START--
INFO: Run Behavior\ContentReplaceBehavior [ RunTime:0.000161s ]
INFO: [ template_filter ] --END-- [ RunTime:0.000250s ]
NOTIC: [8] Undefined variable: keyword /Applications/MAMP/htdocs/lhc2/admin/Admin/Runtime/Cache/Home/d9a4fb30ed87daffaf87c8aea2ed5489.php 第 246 行.
INFO: Run Behavior\ParseTemplateBehavior [ RunTime:0.430722s ]
INFO: [ view_parse ] --END-- [ RunTime:0.430888s ]
INFO: [ view_filter ] --START--
INFO: Run Behavior\WriteHtmlCacheBehavior [ RunTime:0.000335s ]
INFO: Run Behavior\TokenBuildBehavior [ RunTime:0.000477s ]
INFO: Run Behavior\TokenBuildBehavior [ RunTime:0.000046s ]
INFO: [ view_filter ] --END-- [ RunTime:0.001039s ]
NOTIC: [2] Cannot modify header information - headers already sent by (output started at /Applications/MAMP/htdocs/lhc2/admin/ThinkPHP/Conf/convention.php:1) /Applications/MAMP/htdocs/lhc2/admin/ThinkPHP/Library/Think/View.class.php 第 91 行.
NOTIC: [2] Cannot modify header information - headers already sent by (output started at /Applications/MAMP/htdocs/lhc2/admin/ThinkPHP/Conf/convention.php:1) /Applications/MAMP/htdocs/lhc2/admin/ThinkPHP/Library/Think/View.class.php 第 92 行.
NOTIC: [2] Cannot modify header information - headers already sent by (output started at /Applications/MAMP/htdocs/lhc2/admin/ThinkPHP/Conf/convention.php:1) /Applications/MAMP/htdocs/lhc2/admin/ThinkPHP/Library/Think/View.class.php 第 93 行.
INFO: [ app_end ] --START--
INFO: Run Behavior\ShowPageTraceBehavior [ RunTime:0.000859s ]
INFO: [ app_end ] --END-- [ RunTime:0.000954s ]

[ 2017-07-15T13:56:58+08:00 ] ::1 /lhc2/admin/index.php/Index/index
INFO: [ app_init ] --START--
INFO: Run Behavior\BuildLiteBehavior [ RunTime:0.000017s ]
INFO: [ app_init ] --END-- [ RunTime:0.000098s ]
INFO: [ app_begin ] --START--
INFO: Run Behavior\ReadHtmlCacheBehavior [ RunTime:0.000403s ]
INFO: [ app_begin ] --END-- [ RunTime:0.000453s ]
NOTIC: [2] session_start(): Cannot send session cache limiter - headers already sent (output started at /Applications/MAMP/htdocs/lhc2/admin/ThinkPHP/Conf/convention.php:1) /Applications/MAMP/htdocs/lhc2/admin/ThinkPHP/Common/functions.php 第 1264 行.
INFO: [ view_parse ] --START--
INFO: [ template_filter ] --START--
INFO: Run Behavior\ContentReplaceBehavior [ RunTime:0.000101s ]
INFO: [ template_filter ] --END-- [ RunTime:0.000161s ]
INFO: Run Behavior\ParseTemplateBehavior [ RunTime:0.407319s ]
INFO: [ view_parse ] --END-- [ RunTime:0.407452s ]
INFO: [ view_filter ] --START--
INFO: Run Behavior\WriteHtmlCacheBehavior [ RunTime:0.000331s ]
INFO: Run Behavior\TokenBuildBehavior [ RunTime:0.000446s ]
INFO: Run Behavior\TokenBuildBehavior [ RunTime:0.000029s ]
INFO: [ view_filter ] --END-- [ RunTime:0.000983s ]
NOTIC: [2] Cannot modify header information - headers already sent by (output started at /Applications/MAMP/htdocs/lhc2/admin/ThinkPHP/Conf/convention.php:1) /Applications/MAMP/htdocs/lhc2/admin/ThinkPHP/Library/Think/View.class.php 第 91 行.
NOTIC: [2] Cannot modify header information - headers already sent by (output started at /Applications/MAMP/htdocs/lhc2/admin/ThinkPHP/Conf/convention.php:1) /Applications/MAMP/htdocs/lhc2/admin/ThinkPHP/Library/Think/View.class.php 第 92 行.
NOTIC: [2] Cannot modify header information - headers already sent by (output started at /Applications/MAMP/htdocs/lhc2/admin/ThinkPHP/Conf/convention.php:1) /Applications/MAMP/htdocs/lhc2/admin/ThinkPHP/Library/Think/View.class.php 第 93 行.
INFO: [ app_end ] --START--
INFO: Run Behavior\ShowPageTraceBehavior [ RunTime:0.000738s ]
INFO: [ app_end ] --END-- [ RunTime:0.000816s ]

