[ 2017-03-03T10:39:10+08:00 ] 127.0.0.1 /admin.php
INFO: [ app_init ] --START--
INFO: Run Behavior\BuildLiteBehavior [ RunTime:0.000037s ]
INFO: [ app_init ] --END-- [ RunTime:0.000224s ]
INFO: [ app_begin ] --START--
INFO: Run Behavior\ReadHtmlCacheBehavior [ RunTime:0.000688s ]
INFO: [ app_begin ] --END-- [ RunTime:0.000834s ]
INFO: [ view_parse ] --START--
INFO: [ template_filter ] --START--
INFO: Run Behavior\ContentReplaceBehavior [ RunTime:0.000335s ]
INFO: [ template_filter ] --END-- [ RunTime:0.000522s ]
NOTIC: [8] Undefined index: se E:\git\cpbbs\www\Admin\Runtime\Cache\Home\55843b8195cd32862e5dfa640df6e51d.php 第 193 行.
NOTIC: [8] Undefined index: se E:\git\cpbbs\www\Admin\Runtime\Cache\Home\55843b8195cd32862e5dfa640df6e51d.php 第 193 行.
NOTIC: [8] Undefined index: se E:\git\cpbbs\www\Admin\Runtime\Cache\Home\55843b8195cd32862e5dfa640df6e51d.php 第 193 行.
NOTIC: [8] Undefined index: se E:\git\cpbbs\www\Admin\Runtime\Cache\Home\55843b8195cd32862e5dfa640df6e51d.php 第 193 行.
NOTIC: [8] Undefined index: se E:\git\cpbbs\www\Admin\Runtime\Cache\Home\55843b8195cd32862e5dfa640df6e51d.php 第 193 行.
NOTIC: [8] Undefined index: se E:\git\cpbbs\www\Admin\Runtime\Cache\Home\55843b8195cd32862e5dfa640df6e51d.php 第 193 行.
NOTIC: [8] Undefined index: se E:\git\cpbbs\www\Admin\Runtime\Cache\Home\55843b8195cd32862e5dfa640df6e51d.php 第 193 行.
NOTIC: [8] Undefined index: se E:\git\cpbbs\www\Admin\Runtime\Cache\Home\55843b8195cd32862e5dfa640df6e51d.php 第 193 行.
NOTIC: [8] Undefined index: se E:\git\cpbbs\www\Admin\Runtime\Cache\Home\55843b8195cd32862e5dfa640df6e51d.php 第 193 行.
NOTIC: [8] Undefined index: se E:\git\cpbbs\www\Admin\Runtime\Cache\Home\55843b8195cd32862e5dfa640df6e51d.php 第 193 行.
NOTIC: [8] Undefined index: se E:\git\cpbbs\www\Admin\Runtime\Cache\Home\55843b8195cd32862e5dfa640df6e51d.php 第 193 行.
NOTIC: [8] Undefined index: se E:\git\cpbbs\www\Admin\Runtime\Cache\Home\55843b8195cd32862e5dfa640df6e51d.php 第 193 行.
NOTIC: [8] Undefined index: se E:\git\cpbbs\www\Admin\Runtime\Cache\Home\55843b8195cd32862e5dfa640df6e51d.php 第 193 行.
NOTIC: [8] Undefined index: se E:\git\cpbbs\www\Admin\Runtime\Cache\Home\55843b8195cd32862e5dfa640df6e51d.php 第 193 行.
NOTIC: [8] Undefined index: se E:\git\cpbbs\www\Admin\Runtime\Cache\Home\55843b8195cd32862e5dfa640df6e51d.php 第 193 行.
NOTIC: [8] Undefined index: se E:\git\cpbbs\www\Admin\Runtime\Cache\Home\55843b8195cd32862e5dfa640df6e51d.php 第 193 行.
NOTIC: [8] Undefined index: se E:\git\cpbbs\www\Admin\Runtime\Cache\Home\55843b8195cd32862e5dfa640df6e51d.php 第 193 行.
NOTIC: [8] Undefined index: se E:\git\cpbbs\www\Admin\Runtime\Cache\Home\55843b8195cd32862e5dfa640df6e51d.php 第 193 行.
NOTIC: [8] Undefined index: se E:\git\cpbbs\www\Admin\Runtime\Cache\Home\55843b8195cd32862e5dfa640df6e51d.php 第 193 行.
NOTIC: [8] Undefined index: se E:\git\cpbbs\www\Admin\Runtime\Cache\Home\55843b8195cd32862e5dfa640df6e51d.php 第 193 行.
NOTIC: [8] Undefined index: se E:\git\cpbbs\www\Admin\Runtime\Cache\Home\55843b8195cd32862e5dfa640df6e51d.php 第 193 行.
NOTIC: [8] Undefined index: se E:\git\cpbbs\www\Admin\Runtime\Cache\Home\55843b8195cd32862e5dfa640df6e51d.php 第 193 行.
NOTIC: [8] Undefined index: se E:\git\cpbbs\www\Admin\Runtime\Cache\Home\55843b8195cd32862e5dfa640df6e51d.php 第 193 行.
NOTIC: [8] Undefined index: se E:\git\cpbbs\www\Admin\Runtime\Cache\Home\55843b8195cd32862e5dfa640df6e51d.php 第 193 行.
NOTIC: [8] Undefined index: se E:\git\cpbbs\www\Admin\Runtime\Cache\Home\55843b8195cd32862e5dfa640df6e51d.php 第 193 行.
NOTIC: [8] Undefined index: se E:\git\cpbbs\www\Admin\Runtime\Cache\Home\55843b8195cd32862e5dfa640df6e51d.php 第 193 行.
INFO: Run Behavior\ParseTemplateBehavior [ RunTime:0.510737s ]
INFO: [ view_parse ] --END-- [ RunTime:0.511046s ]
INFO: [ view_filter ] --START--
INFO: Run Behavior\WriteHtmlCacheBehavior [ RunTime:0.023522s ]
INFO: Run Behavior\TokenBuildBehavior [ RunTime:0.001376s ]
INFO: Run Behavior\TokenBuildBehavior [ RunTime:0.000109s ]
INFO: [ view_filter ] --END-- [ RunTime:0.025542s ]
INFO: [ app_end ] --START--
INFO: Run Behavior\ShowPageTraceBehavior [ RunTime:0.001594s ]
INFO: [ app_end ] --END-- [ RunTime:0.001915s ]

[ 2017-03-03T10:39:15+08:00 ] 127.0.0.1 /admin.php/Caiji/kj/se/246
INFO: [ app_init ] --START--
INFO: Run Behavior\BuildLiteBehavior [ RunTime:0.000025s ]
INFO: [ app_init ] --END-- [ RunTime:0.000150s ]
INFO: [ app_begin ] --START--
INFO: Run Behavior\ReadHtmlCacheBehavior [ RunTime:0.000567s ]
INFO: [ app_begin ] --END-- [ RunTime:0.000729s ]
INFO: [ view_parse ] --START--
INFO: [ template_filter ] --START--
INFO: Run Behavior\ContentReplaceBehavior [ RunTime:0.000980s ]
INFO: [ template_filter ] --END-- [ RunTime:0.001547s ]
INFO: Run Behavior\ParseTemplateBehavior [ RunTime:0.234500s ]
INFO: [ view_parse ] --END-- [ RunTime:0.234688s ]
INFO: [ view_filter ] --START--
INFO: Run Behavior\WriteHtmlCacheBehavior [ RunTime:0.000542s ]
INFO: Run Behavior\TokenBuildBehavior [ RunTime:0.000449s ]
INFO: Run Behavior\TokenBuildBehavior [ RunTime:0.000042s ]
INFO: [ view_filter ] --END-- [ RunTime:0.001261s ]
INFO: [ app_end ] --START--
INFO: Run Behavior\ShowPageTraceBehavior [ RunTime:0.000754s ]
INFO: [ app_end ] --END-- [ RunTime:0.000924s ]

[ 2017-03-03T15:46:28+08:00 ] 127.0.0.1 /admin.php/Caiji/pic/se/244
INFO: [ app_init ] --START--
INFO: Run Behavior\BuildLiteBehavior [ RunTime:0.000030s ]
INFO: [ app_init ] --END-- [ RunTime:0.000170s ]
INFO: [ app_begin ] --START--
INFO: Run Behavior\ReadHtmlCacheBehavior [ RunTime:0.000591s ]
INFO: [ app_begin ] --END-- [ RunTime:0.000728s ]
NOTIC: [8] Undefined index: aid E:\git\cpbbs\www\Admin\Common\Controller\AuthController.class.php 第 24 行.
INFO: [ view_parse ] --START--
INFO: [ template_filter ] --START--
INFO: Run Behavior\ContentReplaceBehavior [ RunTime:0.000127s ]
INFO: [ template_filter ] --END-- [ RunTime:0.000339s ]
INFO: Run Behavior\ParseTemplateBehavior [ RunTime:0.036904s ]
INFO: [ view_parse ] --END-- [ RunTime:0.037134s ]
INFO: [ view_filter ] --START--
INFO: Run Behavior\WriteHtmlCacheBehavior [ RunTime:0.000365s ]
INFO: Run Behavior\TokenBuildBehavior [ RunTime:0.013611s ]
INFO: Run Behavior\TokenBuildBehavior [ RunTime:0.000037s ]
INFO: [ view_filter ] --END-- [ RunTime:0.014269s ]

[ 2017-03-03T15:46:32+08:00 ] 127.0.0.1 /admin.php/Home/Administrator/login
INFO: [ app_init ] --START--
INFO: Run Behavior\BuildLiteBehavior [ RunTime:0.000021s ]
INFO: [ app_init ] --END-- [ RunTime:0.000127s ]
INFO: [ app_begin ] --START--
INFO: Run Behavior\ReadHtmlCacheBehavior [ RunTime:0.000657s ]
INFO: [ app_begin ] --END-- [ RunTime:0.000862s ]
INFO: [ view_parse ] --START--
INFO: [ template_filter ] --START--
INFO: Run Behavior\ContentReplaceBehavior [ RunTime:0.000182s ]
INFO: [ template_filter ] --END-- [ RunTime:0.000393s ]
INFO: Run Behavior\ParseTemplateBehavior [ RunTime:0.033432s ]
INFO: [ view_parse ] --END-- [ RunTime:0.033587s ]
INFO: [ view_filter ] --START--
INFO: Run Behavior\WriteHtmlCacheBehavior [ RunTime:0.000309s ]
INFO: Run Behavior\TokenBuildBehavior [ RunTime:0.000302s ]
INFO: Run Behavior\TokenBuildBehavior [ RunTime:0.000034s ]
INFO: [ view_filter ] --END-- [ RunTime:0.000868s ]
INFO: [ app_end ] --START--
INFO: Run Behavior\ShowPageTraceBehavior [ RunTime:0.000633s ]
INFO: [ app_end ] --END-- [ RunTime:0.000743s ]

[ 2017-03-03T15:46:48+08:00 ] 127.0.0.1 /admin.php/Administrator/runlogin
INFO: [ app_init ] --START--
INFO: Run Behavior\BuildLiteBehavior [ RunTime:0.000022s ]
INFO: [ app_init ] --END-- [ RunTime:0.000132s ]
INFO: [ app_begin ] --START--
INFO: Run Behavior\ReadHtmlCacheBehavior [ RunTime:0.000543s ]
INFO: [ app_begin ] --END-- [ RunTime:0.000653s ]

[ 2017-03-03T15:47:03+08:00 ] 127.0.0.1 /admin.php/Administrator/runlogin
INFO: [ app_init ] --START--
INFO: Run Behavior\BuildLiteBehavior [ RunTime:0.000046s ]
INFO: [ app_init ] --END-- [ RunTime:0.000275s ]
INFO: [ app_begin ] --START--
INFO: Run Behavior\ReadHtmlCacheBehavior [ RunTime:0.000593s ]
INFO: [ app_begin ] --END-- [ RunTime:0.000737s ]

[ 2017-03-03T15:47:08+08:00 ] 127.0.0.1 /admin.php
INFO: [ app_init ] --START--
INFO: Run Behavior\BuildLiteBehavior [ RunTime:0.000040s ]
INFO: [ app_init ] --END-- [ RunTime:0.000233s ]
INFO: [ app_begin ] --START--
INFO: Run Behavior\ReadHtmlCacheBehavior [ RunTime:0.000693s ]
INFO: [ app_begin ] --END-- [ RunTime:0.000896s ]
INFO: [ view_parse ] --START--
INFO: [ template_filter ] --START--
INFO: Run Behavior\ContentReplaceBehavior [ RunTime:0.000440s ]
INFO: [ template_filter ] --END-- [ RunTime:0.000624s ]
INFO: Run Behavior\ParseTemplateBehavior [ RunTime:0.711060s ]
INFO: [ view_parse ] --END-- [ RunTime:0.711213s ]
INFO: [ view_filter ] --START--
INFO: Run Behavior\WriteHtmlCacheBehavior [ RunTime:0.000511s ]
INFO: Run Behavior\TokenBuildBehavior [ RunTime:0.000413s ]
INFO: Run Behavior\TokenBuildBehavior [ RunTime:0.000042s ]
INFO: [ view_filter ] --END-- [ RunTime:0.001191s ]
INFO: [ app_end ] --START--
INFO: Run Behavior\ShowPageTraceBehavior [ RunTime:0.000752s ]
INFO: [ app_end ] --END-- [ RunTime:0.000879s ]

[ 2017-03-03T15:47:31+08:00 ] 127.0.0.1 /admin.php/Article/index_class/se/9
INFO: [ app_init ] --START--
INFO: Run Behavior\BuildLiteBehavior [ RunTime:0.000041s ]
INFO: [ app_init ] --END-- [ RunTime:0.000249s ]
INFO: [ app_begin ] --START--
INFO: Run Behavior\ReadHtmlCacheBehavior [ RunTime:0.000835s ]
INFO: [ app_begin ] --END-- [ RunTime:0.001077s ]
NOTIC: D方法实例化没找到模型类Home\Model\ArticleClassModel
NOTIC: [8] Undefined variable: Id E:\git\cpbbs\www\Admin\Home\Controller\ArticleController.class.php 第 185 行.
NOTIC: [8] Undefined index: page E:\git\cpbbs\www\Admin\Common\Page.class.php 第 15 行.
INFO: [ view_parse ] --START--
INFO: [ template_filter ] --START--
INFO: Run Behavior\ContentReplaceBehavior [ RunTime:0.000396s ]
INFO: [ template_filter ] --END-- [ RunTime:0.000596s ]
NOTIC: [8] Use of undefined constant sorting - assumed 'sorting' E:\git\cpbbs\www\Admin\Runtime\Cache\Home\a56da67e5abe00226d98812c6b7c1500.php 第 259 行.
NOTIC: [8] Use of undefined constant lagid - assumed 'lagid' E:\git\cpbbs\www\Admin\Runtime\Cache\Home\a56da67e5abe00226d98812c6b7c1500.php 第 259 行.
NOTIC: [8] Use of undefined constant numberid - assumed 'numberid' E:\git\cpbbs\www\Admin\Runtime\Cache\Home\a56da67e5abe00226d98812c6b7c1500.php 第 259 行.
NOTIC: [8] Use of undefined constant sorting - assumed 'sorting' E:\git\cpbbs\www\Admin\Home\Common\Common.php 第 68 行.
NOTIC: [8] Use of undefined constant sorting - assumed 'sorting' E:\git\cpbbs\www\Admin\Runtime\Cache\Home\a56da67e5abe00226d98812c6b7c1500.php 第 259 行.
NOTIC: [8] Use of undefined constant sorting - assumed 'sorting' E:\git\cpbbs\www\Admin\Runtime\Cache\Home\a56da67e5abe00226d98812c6b7c1500.php 第 260 行.
NOTIC: [8] Use of undefined constant sorting - assumed 'sorting' E:\git\cpbbs\www\Admin\Runtime\Cache\Home\a56da67e5abe00226d98812c6b7c1500.php 第 257 行.
NOTIC: [8] Use of undefined constant sorting - assumed 'sorting' E:\git\cpbbs\www\Admin\Runtime\Cache\Home\a56da67e5abe00226d98812c6b7c1500.php 第 258 行.
NOTIC: [8] Use of undefined constant lagid - assumed 'lagid' E:\git\cpbbs\www\Admin\Runtime\Cache\Home\a56da67e5abe00226d98812c6b7c1500.php 第 258 行.
NOTIC: [8] Use of undefined constant numberid - assumed 'numberid' E:\git\cpbbs\www\Admin\Runtime\Cache\Home\a56da67e5abe00226d98812c6b7c1500.php 第 258 行.
NOTIC: [8] Use of undefined constant sorting - assumed 'sorting' E:\git\cpbbs\www\Admin\Home\Common\Common.php 第 68 行.
NOTIC: [8] Use of undefined constant sorting - assumed 'sorting' E:\git\cpbbs\www\Admin\Runtime\Cache\Home\a56da67e5abe00226d98812c6b7c1500.php 第 258 行.
NOTIC: [8] Use of undefined constant sorting - assumed 'sorting' E:\git\cpbbs\www\Admin\Runtime\Cache\Home\a56da67e5abe00226d98812c6b7c1500.php 第 259 行.
NOTIC: [8] Use of undefined constant lagid - assumed 'lagid' E:\git\cpbbs\www\Admin\Runtime\Cache\Home\a56da67e5abe00226d98812c6b7c1500.php 第 259 行.
NOTIC: [8] Use of undefined constant numberid - assumed 'numberid' E:\git\cpbbs\www\Admin\Runtime\Cache\Home\a56da67e5abe00226d98812c6b7c1500.php 第 259 行.
NOTIC: [8] Use of undefined constant sorting - assumed 'sorting' E:\git\cpbbs\www\Admin\Home\Common\Common.php 第 68 行.
NOTIC: [8] Use of undefined constant sorting - assumed 'sorting' E:\git\cpbbs\www\Admin\Runtime\Cache\Home\a56da67e5abe00226d98812c6b7c1500.php 第 259 行.
NOTIC: [8] Use of undefined constant sorting - assumed 'sorting' E:\git\cpbbs\www\Admin\Runtime\Cache\Home\a56da67e5abe00226d98812c6b7c1500.php 第 260 行.
NOTIC: [8] Use of undefined constant sorting - assumed 'sorting' E:\git\cpbbs\www\Admin\Runtime\Cache\Home\a56da67e5abe00226d98812c6b7c1500.php 第 257 行.
NOTIC: [8] Use of undefined constant sorting - assumed 'sorting' E:\git\cpbbs\www\Admin\Runtime\Cache\Home\a56da67e5abe00226d98812c6b7c1500.php 第 258 行.
NOTIC: [8] Use of undefined constant lagid - assumed 'lagid' E:\git\cpbbs\www\Admin\Runtime\Cache\Home\a56da67e5abe00226d98812c6b7c1500.php 第 258 行.
NOTIC: [8] Use of undefined constant numberid - assumed 'numberid' E:\git\cpbbs\www\Admin\Runtime\Cache\Home\a56da67e5abe00226d98812c6b7c1500.php 第 258 行.
NOTIC: [8] Use of undefined constant sorting - assumed 'sorting' E:\git\cpbbs\www\Admin\Home\Common\Common.php 第 68 行.
NOTIC: [8] Use of undefined constant sorting - assumed 'sorting' E:\git\cpbbs\www\Admin\Runtime\Cache\Home\a56da67e5abe00226d98812c6b7c1500.php 第 258 行.
NOTIC: [8] Use of undefined constant sorting - assumed 'sorting' E:\git\cpbbs\www\Admin\Runtime\Cache\Home\a56da67e5abe00226d98812c6b7c1500.php 第 259 行.
NOTIC: [8] Use of undefined constant lagid - assumed 'lagid' E:\git\cpbbs\www\Admin\Runtime\Cache\Home\a56da67e5abe00226d98812c6b7c1500.php 第 259 行.
NOTIC: [8] Use of undefined constant numberid - assumed 'numberid' E:\git\cpbbs\www\Admin\Runtime\Cache\Home\a56da67e5abe00226d98812c6b7c1500.php 第 259 行.
NOTIC: [8] Use of undefined constant sorting - assumed 'sorting' E:\git\cpbbs\www\Admin\Home\Common\Common.php 第 68 行.
NOTIC: [8] Use of undefined constant sorting - assumed 'sorting' E:\git\cpbbs\www\Admin\Runtime\Cache\Home\a56da67e5abe00226d98812c6b7c1500.php 第 259 行.
NOTIC: [8] Use of undefined constant sorting - assumed 'sorting' E:\git\cpbbs\www\Admin\Runtime\Cache\Home\a56da67e5abe00226d98812c6b7c1500.php 第 260 行.
NOTIC: [8] Use of undefined constant sorting - assumed 'sorting' E:\git\cpbbs\www\Admin\Runtime\Cache\Home\a56da67e5abe00226d98812c6b7c1500.php 第 257 行.
NOTIC: [8] Use of undefined constant sorting - assumed 'sorting' E:\git\cpbbs\www\Admin\Runtime\Cache\Home\a56da67e5abe00226d98812c6b7c1500.php 第 258 行.
NOTIC: [8] Use of undefined constant lagid - assumed 'lagid' E:\git\cpbbs\www\Admin\Runtime\Cache\Home\a56da67e5abe00226d98812c6b7c1500.php 第 258 行.
NOTIC: [8] Use of undefined constant numberid - assumed 'numberid' E:\git\cpbbs\www\Admin\Runtime\Cache\Home\a56da67e5abe00226d98812c6b7c1500.php 第 258 行.
NOTIC: [8] Use of undefined constant sorting - assumed 'sorting' E:\git\cpbbs\www\Admin\Home\Common\Common.php 第 68 行.
NOTIC: [8] Use of undefined constant sorting - assumed 'sorting' E:\git\cpbbs\www\Admin\Runtime\Cache\Home\a56da67e5abe00226d98812c6b7c1500.php 第 258 行.
NOTIC: [8] Use of undefined constant sorting - assumed 'sorting' E:\git\cpbbs\www\Admin\Runtime\Cache\Home\a56da67e5abe00226d98812c6b7c1500.php 第 259 行.
NOTIC: [8] Use of undefined constant lagid - assumed 'lagid' E:\git\cpbbs\www\Admin\Runtime\Cache\Home\a56da67e5abe00226d98812c6b7c1500.php 第 259 行.
NOTIC: [8] Use of undefined constant numberid - assumed 'numberid' E:\git\cpbbs\www\Admin\Runtime\Cache\Home\a56da67e5abe00226d98812c6b7c1500.php 第 259 行.
NOTIC: [8] Use of undefined constant sorting - assumed 'sorting' E:\git\cpbbs\www\Admin\Home\Common\Common.php 第 68 行.
NOTIC: [8] Use of undefined constant sorting - assumed 'sorting' E:\git\cpbbs\www\Admin\Runtime\Cache\Home\a56da67e5abe00226d98812c6b7c1500.php 第 259 行.
NOTIC: [8] Use of undefined constant sorting - assumed 'sorting' E:\git\cpbbs\www\Admin\Runtime\Cache\Home\a56da67e5abe00226d98812c6b7c1500.php 第 260 行.
NOTIC: [8] Use of undefined constant sorting - assumed 'sorting' E:\git\cpbbs\www\Admin\Runtime\Cache\Home\a56da67e5abe00226d98812c6b7c1500.php 第 257 行.
NOTIC: [8] Use of undefined constant sorting - assumed 'sorting' E:\git\cpbbs\www\Admin\Runtime\Cache\Home\a56da67e5abe00226d98812c6b7c1500.php 第 258 行.
NOTIC: [8] Use of undefined constant lagid - assumed 'lagid' E:\git\cpbbs\www\Admin\Runtime\Cache\Home\a56da67e5abe00226d98812c6b7c1500.php 第 258 行.
NOTIC: [8] Use of undefined constant numberid - assumed 'numberid' E:\git\cpbbs\www\Admin\Runtime\Cache\Home\a56da67e5abe00226d98812c6b7c1500.php 第 258 行.
NOTIC: [8] Use of undefined constant sorting - assumed 'sorting' E:\git\cpbbs\www\Admin\Home\Common\Common.php 第 68 行.
NOTIC: [8] Use of undefined constant sorting - assumed 'sorting' E:\git\cpbbs\www\Admin\Runtime\Cache\Home\a56da67e5abe00226d98812c6b7c1500.php 第 258 行.
NOTIC: [8] Use of undefined constant sorting - assumed 'sorting' E:\git\cpbbs\www\Admin\Runtime\Cache\Home\a56da67e5abe00226d98812c6b7c1500.php 第 259 行.
NOTIC: [8] Use of undefined constant lagid - assumed 'lagid' E:\git\cpbbs\www\Admin\Runtime\Cache\Home\a56da67e5abe00226d98812c6b7c1500.php 第 259 行.
NOTIC: [8] Use of undefined constant numberid - assumed 'numberid' E:\git\cpbbs\www\Admin\Runtime\Cache\Home\a56da67e5abe00226d98812c6b7c1500.php 第 259 行.
NOTIC: [8] Use of undefined constant sorting - assumed 'sorting' E:\git\cpbbs\www\Admin\Home\Common\Common.php 第 68 行.
NOTIC: [8] Use of undefined constant sorting - assumed 'sorting' E:\git\cpbbs\www\Admin\Runtime\Cache\Home\a56da67e5abe00226d98812c6b7c1500.php 第 259 行.
NOTIC: [8] Use of undefined constant sorting - assumed 'sorting' E:\git\cpbbs\www\Admin\Runtime\Cache\Home\a56da67e5abe00226d98812c6b7c1500.php 第 260 行.
NOTIC: [8] Use of undefined constant sorting - assumed 'sorting' E:\git\cpbbs\www\Admin\Runtime\Cache\Home\a56da67e5abe00226d98812c6b7c1500.php 第 257 行.
NOTIC: [8] Use of undefined constant sorting - assumed 'sorting' E:\git\cpbbs\www\Admin\Runtime\Cache\Home\a56da67e5abe00226d98812c6b7c1500.php 第 258 行.
NOTIC: [8] Use of undefined constant lagid - assumed 'lagid' E:\git\cpbbs\www\Admin\Runtime\Cache\Home\a56da67e5abe00226d98812c6b7c1500.php 第 258 行.
NOTIC: [8] Use of undefined constant numberid - assumed 'numberid' E:\git\cpbbs\www\Admin\Runtime\Cache\Home\a56da67e5abe00226d98812c6b7c1500.php 第 258 行.
NOTIC: [8] Use of undefined constant sorting - assumed 'sorting' E:\git\cpbbs\www\Admin\Home\Common\Common.php 第 68 行.
NOTIC: [8] Use of undefined constant sorting - assumed 'sorting' E:\git\cpbbs\www\Admin\Runtime\Cache\Home\a56da67e5abe00226d98812c6b7c1500.php 第 258 行.
INFO: Run Behavior\ParseTemplateBehavior [ RunTime:0.279595s ]
INFO: [ view_parse ] --END-- [ RunTime:0.279881s ]
INFO: [ view_filter ] --START--
INFO: Run Behavior\WriteHtmlCacheBehavior [ RunTime:0.000754s ]
INFO: Run Behavior\TokenBuildBehavior [ RunTime:0.000767s ]
INFO: Run Behavior\TokenBuildBehavior [ RunTime:0.000075s ]
INFO: [ view_filter ] --END-- [ RunTime:0.001980s ]
INFO: [ app_end ] --START--
INFO: Run Behavior\ShowPageTraceBehavior [ RunTime:0.001023s ]
INFO: [ app_end ] --END-- [ RunTime:0.001262s ]

[ 2017-03-03T15:47:45+08:00 ] 127.0.0.1 /admin.php/Article/index_class/se/9
INFO: [ app_init ] --START--
INFO: Run Behavior\BuildLiteBehavior [ RunTime:0.000027s ]
INFO: [ app_init ] --END-- [ RunTime:0.000154s ]
INFO: [ app_begin ] --START--
INFO: Run Behavior\ReadHtmlCacheBehavior [ RunTime:0.000737s ]
INFO: [ app_begin ] --END-- [ RunTime:0.000919s ]
NOTIC: D方法实例化没找到模型类Home\Model\ArticleClassModel
NOTIC: [8] Undefined variable: Id E:\git\cpbbs\www\Admin\Home\Controller\ArticleController.class.php 第 185 行.
NOTIC: [8] Undefined index: page E:\git\cpbbs\www\Admin\Common\Page.class.php 第 15 行.
INFO: [ view_parse ] --START--
INFO: [ template_filter ] --START--
INFO: Run Behavior\ContentReplaceBehavior [ RunTime:0.000225s ]
INFO: [ template_filter ] --END-- [ RunTime:0.000336s ]
NOTIC: [8] Use of undefined constant sorting - assumed 'sorting' E:\git\cpbbs\www\Admin\Runtime\Cache\Home\a56da67e5abe00226d98812c6b7c1500.php 第 259 行.
NOTIC: [8] Use of undefined constant lagid - assumed 'lagid' E:\git\cpbbs\www\Admin\Runtime\Cache\Home\a56da67e5abe00226d98812c6b7c1500.php 第 259 行.
NOTIC: [8] Use of undefined constant numberid - assumed 'numberid' E:\git\cpbbs\www\Admin\Runtime\Cache\Home\a56da67e5abe00226d98812c6b7c1500.php 第 259 行.
NOTIC: [8] Use of undefined constant sorting - assumed 'sorting' E:\git\cpbbs\www\Admin\Home\Common\Common.php 第 68 行.
NOTIC: [8] Use of undefined constant sorting - assumed 'sorting' E:\git\cpbbs\www\Admin\Runtime\Cache\Home\a56da67e5abe00226d98812c6b7c1500.php 第 259 行.
NOTIC: [8] Use of undefined constant sorting - assumed 'sorting' E:\git\cpbbs\www\Admin\Runtime\Cache\Home\a56da67e5abe00226d98812c6b7c1500.php 第 260 行.
NOTIC: [8] Use of undefined constant sorting - assumed 'sorting' E:\git\cpbbs\www\Admin\Runtime\Cache\Home\a56da67e5abe00226d98812c6b7c1500.php 第 257 行.
NOTIC: [8] Use of undefined constant sorting - assumed 'sorting' E:\git\cpbbs\www\Admin\Runtime\Cache\Home\a56da67e5abe00226d98812c6b7c1500.php 第 258 行.
NOTIC: [8] Use of undefined constant lagid - assumed 'lagid' E:\git\cpbbs\www\Admin\Runtime\Cache\Home\a56da67e5abe00226d98812c6b7c1500.php 第 258 行.
NOTIC: [8] Use of undefined constant numberid - assumed 'numberid' E:\git\cpbbs\www\Admin\Runtime\Cache\Home\a56da67e5abe00226d98812c6b7c1500.php 第 258 行.
NOTIC: [8] Use of undefined constant sorting - assumed 'sorting' E:\git\cpbbs\www\Admin\Home\Common\Common.php 第 68 行.
NOTIC: [8] Use of undefined constant sorting - assumed 'sorting' E:\git\cpbbs\www\Admin\Runtime\Cache\Home\a56da67e5abe00226d98812c6b7c1500.php 第 258 行.
NOTIC: [8] Use of undefined constant sorting - assumed 'sorting' E:\git\cpbbs\www\Admin\Runtime\Cache\Home\a56da67e5abe00226d98812c6b7c1500.php 第 259 行.
NOTIC: [8] Use of undefined constant lagid - assumed 'lagid' E:\git\cpbbs\www\Admin\Runtime\Cache\Home\a56da67e5abe00226d98812c6b7c1500.php 第 259 行.
NOTIC: [8] Use of undefined constant numberid - assumed 'numberid' E:\git\cpbbs\www\Admin\Runtime\Cache\Home\a56da67e5abe00226d98812c6b7c1500.php 第 259 行.
NOTIC: [8] Use of undefined constant sorting - assumed 'sorting' E:\git\cpbbs\www\Admin\Home\Common\Common.php 第 68 行.
NOTIC: [8] Use of undefined constant sorting - assumed 'sorting' E:\git\cpbbs\www\Admin\Runtime\Cache\Home\a56da67e5abe00226d98812c6b7c1500.php 第 259 行.
NOTIC: [8] Use of undefined constant sorting - assumed 'sorting' E:\git\cpbbs\www\Admin\Runtime\Cache\Home\a56da67e5abe00226d98812c6b7c1500.php 第 260 行.
NOTIC: [8] Use of undefined constant sorting - assumed 'sorting' E:\git\cpbbs\www\Admin\Runtime\Cache\Home\a56da67e5abe00226d98812c6b7c1500.php 第 257 行.
NOTIC: [8] Use of undefined constant sorting - assumed 'sorting' E:\git\cpbbs\www\Admin\Runtime\Cache\Home\a56da67e5abe00226d98812c6b7c1500.php 第 258 行.
NOTIC: [8] Use of undefined constant lagid - assumed 'lagid' E:\git\cpbbs\www\Admin\Runtime\Cache\Home\a56da67e5abe00226d98812c6b7c1500.php 第 258 行.
NOTIC: [8] Use of undefined constant numberid - assumed 'numberid' E:\git\cpbbs\www\Admin\Runtime\Cache\Home\a56da67e5abe00226d98812c6b7c1500.php 第 258 行.
NOTIC: [8] Use of undefined constant sorting - assumed 'sorting' E:\git\cpbbs\www\Admin\Home\Common\Common.php 第 68 行.
NOTIC: [8] Use of undefined constant sorting - assumed 'sorting' E:\git\cpbbs\www\Admin\Runtime\Cache\Home\a56da67e5abe00226d98812c6b7c1500.php 第 258 行.
NOTIC: [8] Use of undefined constant sorting - assumed 'sorting' E:\git\cpbbs\www\Admin\Runtime\Cache\Home\a56da67e5abe00226d98812c6b7c1500.php 第 259 行.
NOTIC: [8] Use of undefined constant lagid - assumed 'lagid' E:\git\cpbbs\www\Admin\Runtime\Cache\Home\a56da67e5abe00226d98812c6b7c1500.php 第 259 行.
NOTIC: [8] Use of undefined constant numberid - assumed 'numberid' E:\git\cpbbs\www\Admin\Runtime\Cache\Home\a56da67e5abe00226d98812c6b7c1500.php 第 259 行.
NOTIC: [8] Use of undefined constant sorting - assumed 'sorting' E:\git\cpbbs\www\Admin\Home\Common\Common.php 第 68 行.
NOTIC: [8] Use of undefined constant sorting - assumed 'sorting' E:\git\cpbbs\www\Admin\Runtime\Cache\Home\a56da67e5abe00226d98812c6b7c1500.php 第 259 行.
NOTIC: [8] Use of undefined constant sorting - assumed 'sorting' E:\git\cpbbs\www\Admin\Runtime\Cache\Home\a56da67e5abe00226d98812c6b7c1500.php 第 260 行.
NOTIC: [8] Use of undefined constant sorting - assumed 'sorting' E:\git\cpbbs\www\Admin\Runtime\Cache\Home\a56da67e5abe00226d98812c6b7c1500.php 第 257 行.
NOTIC: [8] Use of undefined constant sorting - assumed 'sorting' E:\git\cpbbs\www\Admin\Runtime\Cache\Home\a56da67e5abe00226d98812c6b7c1500.php 第 258 行.
NOTIC: [8] Use of undefined constant lagid - assumed 'lagid' E:\git\cpbbs\www\Admin\Runtime\Cache\Home\a56da67e5abe00226d98812c6b7c1500.php 第 258 行.
NOTIC: [8] Use of undefined constant numberid - assumed 'numberid' E:\git\cpbbs\www\Admin\Runtime\Cache\Home\a56da67e5abe00226d98812c6b7c1500.php 第 258 行.
NOTIC: [8] Use of undefined constant sorting - assumed 'sorting' E:\git\cpbbs\www\Admin\Home\Common\Common.php 第 68 行.
NOTIC: [8] Use of undefined constant sorting - assumed 'sorting' E:\git\cpbbs\www\Admin\Runtime\Cache\Home\a56da67e5abe00226d98812c6b7c1500.php 第 258 行.
NOTIC: [8] Use of undefined constant sorting - assumed 'sorting' E:\git\cpbbs\www\Admin\Runtime\Cache\Home\a56da67e5abe00226d98812c6b7c1500.php 第 259 行.
NOTIC: [8] Use of undefined constant lagid - assumed 'lagid' E:\git\cpbbs\www\Admin\Runtime\Cache\Home\a56da67e5abe00226d98812c6b7c1500.php 第 259 行.
NOTIC: [8] Use of undefined constant numberid - assumed 'numberid' E:\git\cpbbs\www\Admin\Runtime\Cache\Home\a56da67e5abe00226d98812c6b7c1500.php 第 259 行.
NOTIC: [8] Use of undefined constant sorting - assumed 'sorting' E:\git\cpbbs\www\Admin\Home\Common\Common.php 第 68 行.
NOTIC: [8] Use of undefined constant sorting - assumed 'sorting' E:\git\cpbbs\www\Admin\Runtime\Cache\Home\a56da67e5abe00226d98812c6b7c1500.php 第 259 行.
NOTIC: [8] Use of undefined constant sorting - assumed 'sorting' E:\git\cpbbs\www\Admin\Runtime\Cache\Home\a56da67e5abe00226d98812c6b7c1500.php 第 260 行.
NOTIC: [8] Use of undefined constant sorting - assumed 'sorting' E:\git\cpbbs\www\Admin\Runtime\Cache\Home\a56da67e5abe00226d98812c6b7c1500.php 第 257 行.
NOTIC: [8] Use of undefined constant sorting - assumed 'sorting' E:\git\cpbbs\www\Admin\Runtime\Cache\Home\a56da67e5abe00226d98812c6b7c1500.php 第 258 行.
NOTIC: [8] Use of undefined constant lagid - assumed 'lagid' E:\git\cpbbs\www\Admin\Runtime\Cache\Home\a56da67e5abe00226d98812c6b7c1500.php 第 258 行.
NOTIC: [8] Use of undefined constant numberid - assumed 'numberid' E:\git\cpbbs\www\Admin\Runtime\Cache\Home\a56da67e5abe00226d98812c6b7c1500.php 第 258 行.
NOTIC: [8] Use of undefined constant sorting - assumed 'sorting' E:\git\cpbbs\www\Admin\Home\Common\Common.php 第 68 行.
NOTIC: [8] Use of undefined constant sorting - assumed 'sorting' E:\git\cpbbs\www\Admin\Runtime\Cache\Home\a56da67e5abe00226d98812c6b7c1500.php 第 258 行.
NOTIC: [8] Use of undefined constant sorting - assumed 'sorting' E:\git\cpbbs\www\Admin\Runtime\Cache\Home\a56da67e5abe00226d98812c6b7c1500.php 第 259 行.
NOTIC: [8] Use of undefined constant lagid - assumed 'lagid' E:\git\cpbbs\www\Admin\Runtime\Cache\Home\a56da67e5abe00226d98812c6b7c1500.php 第 259 行.
NOTIC: [8] Use of undefined constant numberid - assumed 'numberid' E:\git\cpbbs\www\Admin\Runtime\Cache\Home\a56da67e5abe00226d98812c6b7c1500.php 第 259 行.
NOTIC: [8] Use of undefined constant sorting - assumed 'sorting' E:\git\cpbbs\www\Admin\Home\Common\Common.php 第 68 行.
NOTIC: [8] Use of undefined constant sorting - assumed 'sorting' E:\git\cpbbs\www\Admin\Runtime\Cache\Home\a56da67e5abe00226d98812c6b7c1500.php 第 259 行.
NOTIC: [8] Use of undefined constant sorting - assumed 'sorting' E:\git\cpbbs\www\Admin\Runtime\Cache\Home\a56da67e5abe00226d98812c6b7c1500.php 第 260 行.
NOTIC: [8] Use of undefined constant sorting - assumed 'sorting' E:\git\cpbbs\www\Admin\Runtime\Cache\Home\a56da67e5abe00226d98812c6b7c1500.php 第 257 行.
NOTIC: [8] Use of undefined constant sorting - assumed 'sorting' E:\git\cpbbs\www\Admin\Runtime\Cache\Home\a56da67e5abe00226d98812c6b7c1500.php 第 258 行.
NOTIC: [8] Use of undefined constant lagid - assumed 'lagid' E:\git\cpbbs\www\Admin\Runtime\Cache\Home\a56da67e5abe00226d98812c6b7c1500.php 第 258 行.
NOTIC: [8] Use of undefined constant numberid - assumed 'numberid' E:\git\cpbbs\www\Admin\Runtime\Cache\Home\a56da67e5abe00226d98812c6b7c1500.php 第 258 行.
NOTIC: [8] Use of undefined constant sorting - assumed 'sorting' E:\git\cpbbs\www\Admin\Home\Common\Common.php 第 68 行.
NOTIC: [8] Use of undefined constant sorting - assumed 'sorting' E:\git\cpbbs\www\Admin\Runtime\Cache\Home\a56da67e5abe00226d98812c6b7c1500.php 第 258 行.
INFO: Run Behavior\ParseTemplateBehavior [ RunTime:0.246182s ]
INFO: [ view_parse ] --END-- [ RunTime:0.246446s ]
INFO: [ view_filter ] --START--
INFO: Run Behavior\WriteHtmlCacheBehavior [ RunTime:0.000409s ]
INFO: Run Behavior\TokenBuildBehavior [ RunTime:0.000578s ]
INFO: Run Behavior\TokenBuildBehavior [ RunTime:0.000076s ]
INFO: [ view_filter ] --END-- [ RunTime:0.001367s ]
INFO: [ app_end ] --START--
INFO: Run Behavior\ShowPageTraceBehavior [ RunTime:0.001136s ]
INFO: [ app_end ] --END-- [ RunTime:0.001365s ]

[ 2017-03-03T15:47:48+08:00 ] 127.0.0.1 /admin.php/Pic/index_class/se/199
INFO: [ app_init ] --START--
INFO: Run Behavior\BuildLiteBehavior [ RunTime:0.000023s ]
INFO: [ app_init ] --END-- [ RunTime:0.000140s ]
INFO: [ app_begin ] --START--
INFO: Run Behavior\ReadHtmlCacheBehavior [ RunTime:0.000757s ]
INFO: [ app_begin ] --END-- [ RunTime:0.000965s ]
NOTIC: D方法实例化没找到模型类Home\Model\PicClassModel
NOTIC: [8] Undefined variable: Id E:\git\cpbbs\www\Admin\Home\Controller\PicController.class.php 第 191 行.
NOTIC: [8] Undefined index: page E:\git\cpbbs\www\Admin\Common\Page.class.php 第 15 行.
INFO: [ view_parse ] --START--
INFO: [ template_filter ] --START--
INFO: Run Behavior\ContentReplaceBehavior [ RunTime:0.000299s ]
INFO: [ template_filter ] --END-- [ RunTime:0.000450s ]
INFO: Run Behavior\ParseTemplateBehavior [ RunTime:0.231686s ]
INFO: [ view_parse ] --END-- [ RunTime:0.231873s ]
INFO: [ view_filter ] --START--
INFO: Run Behavior\WriteHtmlCacheBehavior [ RunTime:0.000346s ]
INFO: Run Behavior\TokenBuildBehavior [ RunTime:0.000413s ]
INFO: Run Behavior\TokenBuildBehavior [ RunTime:0.000040s ]
INFO: [ view_filter ] --END-- [ RunTime:0.000999s ]
INFO: [ app_end ] --START--
INFO: Run Behavior\ShowPageTraceBehavior [ RunTime:0.001142s ]
INFO: [ app_end ] --END-- [ RunTime:0.001572s ]

[ 2017-03-03T15:47:51+08:00 ] 127.0.0.1 /admin.php/Home/Pic/index_class_edit.html?Id=1
INFO: [ app_init ] --START--
INFO: Run Behavior\BuildLiteBehavior [ RunTime:0.000046s ]
INFO: [ app_init ] --END-- [ RunTime:0.000274s ]
INFO: [ app_begin ] --START--
INFO: Run Behavior\ReadHtmlCacheBehavior [ RunTime:0.000473s ]
INFO: [ app_begin ] --END-- [ RunTime:0.000585s ]
NOTIC: D方法实例化没找到模型类Home\Model\PicClassModel
INFO: [ view_parse ] --START--
INFO: [ template_filter ] --START--
INFO: Run Behavior\ContentReplaceBehavior [ RunTime:0.000223s ]
INFO: [ template_filter ] --END-- [ RunTime:0.000335s ]
INFO: Run Behavior\ParseTemplateBehavior [ RunTime:0.295615s ]
INFO: [ view_parse ] --END-- [ RunTime:0.295797s ]
INFO: [ view_filter ] --START--
INFO: Run Behavior\WriteHtmlCacheBehavior [ RunTime:0.000681s ]
INFO: Run Behavior\TokenBuildBehavior [ RunTime:0.000991s ]
INFO: Run Behavior\TokenBuildBehavior [ RunTime:0.000086s ]
INFO: [ view_filter ] --END-- [ RunTime:0.002254s ]
INFO: [ app_end ] --START--
INFO: Run Behavior\ShowPageTraceBehavior [ RunTime:0.001837s ]
INFO: [ app_end ] --END-- [ RunTime:0.002129s ]

[ 2017-03-03T15:47:54+08:00 ] 127.0.0.1 /admin.php/Pic/index_class
INFO: [ app_init ] --START--
INFO: Run Behavior\BuildLiteBehavior [ RunTime:0.000024s ]
INFO: [ app_init ] --END-- [ RunTime:0.000146s ]
INFO: [ app_begin ] --START--
INFO: Run Behavior\ReadHtmlCacheBehavior [ RunTime:0.000461s ]
INFO: [ app_begin ] --END-- [ RunTime:0.000570s ]
NOTIC: D方法实例化没找到模型类Home\Model\PicClassModel
NOTIC: [8] Undefined variable: Id E:\git\cpbbs\www\Admin\Home\Controller\PicController.class.php 第 191 行.
NOTIC: [8] Undefined index: page E:\git\cpbbs\www\Admin\Common\Page.class.php 第 15 行.
INFO: [ view_parse ] --START--
INFO: [ template_filter ] --START--
INFO: Run Behavior\ContentReplaceBehavior [ RunTime:0.000267s ]
INFO: [ template_filter ] --END-- [ RunTime:0.000433s ]
INFO: Run Behavior\ParseTemplateBehavior [ RunTime:0.183438s ]
INFO: [ view_parse ] --END-- [ RunTime:0.183668s ]
INFO: [ view_filter ] --START--
INFO: Run Behavior\WriteHtmlCacheBehavior [ RunTime:0.000483s ]
INFO: Run Behavior\TokenBuildBehavior [ RunTime:0.000913s ]
INFO: Run Behavior\TokenBuildBehavior [ RunTime:0.000095s ]
INFO: [ view_filter ] --END-- [ RunTime:0.001975s ]
INFO: [ app_end ] --START--
INFO: Run Behavior\ShowPageTraceBehavior [ RunTime:0.001124s ]
INFO: [ app_end ] --END-- [ RunTime:0.001374s ]

[ 2017-03-03T15:47:57+08:00 ] 127.0.0.1 /admin.php/Pic/index/se/29
INFO: [ app_init ] --START--
INFO: Run Behavior\BuildLiteBehavior [ RunTime:0.000040s ]
INFO: [ app_init ] --END-- [ RunTime:0.000239s ]
INFO: [ app_begin ] --START--
INFO: Run Behavior\ReadHtmlCacheBehavior [ RunTime:0.000505s ]
INFO: [ app_begin ] --END-- [ RunTime:0.000631s ]
NOTIC: D方法实例化没找到模型类Home\Model\PicModel
NOTIC: [8] Undefined index: page E:\git\cpbbs\www\Admin\Common\Page.class.php 第 15 行.
INFO: [ view_parse ] --START--
INFO: [ template_filter ] --START--
INFO: Run Behavior\ContentReplaceBehavior [ RunTime:0.000241s ]
INFO: [ template_filter ] --END-- [ RunTime:0.000360s ]
NOTIC: [8] Use of undefined constant title - assumed 'title' E:\git\cpbbs\www\Admin\Home\Common\Common.php 第 29 行.
NOTIC: [8] Use of undefined constant title - assumed 'title' E:\git\cpbbs\www\Admin\Home\Common\Common.php 第 29 行.
NOTIC: [8] Use of undefined constant title - assumed 'title' E:\git\cpbbs\www\Admin\Home\Common\Common.php 第 29 行.
NOTIC: [8] Use of undefined constant title - assumed 'title' E:\git\cpbbs\www\Admin\Home\Common\Common.php 第 29 行.
NOTIC: [8] Use of undefined constant title - assumed 'title' E:\git\cpbbs\www\Admin\Home\Common\Common.php 第 29 行.
NOTIC: [8] Use of undefined constant title - assumed 'title' E:\git\cpbbs\www\Admin\Home\Common\Common.php 第 29 行.
NOTIC: [8] Use of undefined constant title - assumed 'title' E:\git\cpbbs\www\Admin\Home\Common\Common.php 第 29 行.
NOTIC: [8] Use of undefined constant title - assumed 'title' E:\git\cpbbs\www\Admin\Home\Common\Common.php 第 29 行.
NOTIC: [8] Use of undefined constant title - assumed 'title' E:\git\cpbbs\www\Admin\Home\Common\Common.php 第 29 行.
NOTIC: [8] Use of undefined constant title - assumed 'title' E:\git\cpbbs\www\Admin\Home\Common\Common.php 第 29 行.
NOTIC: [8] Use of undefined constant title - assumed 'title' E:\git\cpbbs\www\Admin\Home\Common\Common.php 第 29 行.
NOTIC: [8] Use of undefined constant title - assumed 'title' E:\git\cpbbs\www\Admin\Home\Common\Common.php 第 29 行.
NOTIC: [8] Use of undefined constant title - assumed 'title' E:\git\cpbbs\www\Admin\Home\Common\Common.php 第 29 行.
NOTIC: [8] Use of undefined constant title - assumed 'title' E:\git\cpbbs\www\Admin\Home\Common\Common.php 第 29 行.
NOTIC: [8] Use of undefined constant title - assumed 'title' E:\git\cpbbs\www\Admin\Home\Common\Common.php 第 29 行.
NOTIC: [8] Use of undefined constant title - assumed 'title' E:\git\cpbbs\www\Admin\Home\Common\Common.php 第 29 行.
NOTIC: [8] Use of undefined constant title - assumed 'title' E:\git\cpbbs\www\Admin\Home\Common\Common.php 第 29 行.
NOTIC: [8] Use of undefined constant title - assumed 'title' E:\git\cpbbs\www\Admin\Home\Common\Common.php 第 29 行.
NOTIC: [8] Use of undefined constant title - assumed 'title' E:\git\cpbbs\www\Admin\Home\Common\Common.php 第 29 行.
NOTIC: [8] Use of undefined constant title - assumed 'title' E:\git\cpbbs\www\Admin\Home\Common\Common.php 第 29 行.
NOTIC: [8] Use of undefined constant title - assumed 'title' E:\git\cpbbs\www\Admin\Home\Common\Common.php 第 29 行.
NOTIC: [8] Use of undefined constant title - assumed 'title' E:\git\cpbbs\www\Admin\Home\Common\Common.php 第 29 行.
NOTIC: [8] Use of undefined constant title - assumed 'title' E:\git\cpbbs\www\Admin\Home\Common\Common.php 第 29 行.
NOTIC: [8] Use of undefined constant title - assumed 'title' E:\git\cpbbs\www\Admin\Home\Common\Common.php 第 29 行.
NOTIC: [8] Use of undefined constant title - assumed 'title' E:\git\cpbbs\www\Admin\Home\Common\Common.php 第 29 行.
NOTIC: [8] Use of undefined constant title - assumed 'title' E:\git\cpbbs\www\Admin\Home\Common\Common.php 第 29 行.
NOTIC: [8] Use of undefined constant title - assumed 'title' E:\git\cpbbs\www\Admin\Home\Common\Common.php 第 29 行.
NOTIC: [8] Use of undefined constant title - assumed 'title' E:\git\cpbbs\www\Admin\Home\Common\Common.php 第 29 行.
NOTIC: [8] Use of undefined constant title - assumed 'title' E:\git\cpbbs\www\Admin\Home\Common\Common.php 第 29 行.
NOTIC: [8] Use of undefined constant title - assumed 'title' E:\git\cpbbs\www\Admin\Home\Common\Common.php 第 29 行.
INFO: Run Behavior\ParseTemplateBehavior [ RunTime:0.288563s ]
INFO: [ view_parse ] --END-- [ RunTime:0.288751s ]
INFO: [ view_filter ] --START--
INFO: Run Behavior\WriteHtmlCacheBehavior [ RunTime:0.000366s ]
INFO: Run Behavior\TokenBuildBehavior [ RunTime:0.000549s ]
INFO: Run Behavior\TokenBuildBehavior [ RunTime:0.000059s ]
INFO: [ view_filter ] --END-- [ RunTime:0.001211s ]
INFO: [ app_end ] --START--
INFO: Run Behavior\ShowPageTraceBehavior [ RunTime:0.001135s ]
INFO: [ app_end ] --END-- [ RunTime:0.001413s ]

[ 2017-03-03T15:48:00+08:00 ] 127.0.0.1 /admin.php/Pic/index_class/se/199
INFO: [ app_init ] --START--
INFO: Run Behavior\BuildLiteBehavior [ RunTime:0.000022s ]
INFO: [ app_init ] --END-- [ RunTime:0.000130s ]
INFO: [ app_begin ] --START--
INFO: Run Behavior\ReadHtmlCacheBehavior [ RunTime:0.000425s ]
INFO: [ app_begin ] --END-- [ RunTime:0.000534s ]
NOTIC: D方法实例化没找到模型类Home\Model\PicClassModel
NOTIC: [8] Undefined variable: Id E:\git\cpbbs\www\Admin\Home\Controller\PicController.class.php 第 191 行.
NOTIC: [8] Undefined index: page E:\git\cpbbs\www\Admin\Common\Page.class.php 第 15 行.
INFO: [ view_parse ] --START--
INFO: [ template_filter ] --START--
INFO: Run Behavior\ContentReplaceBehavior [ RunTime:0.000242s ]
INFO: [ template_filter ] --END-- [ RunTime:0.000370s ]
INFO: Run Behavior\ParseTemplateBehavior [ RunTime:0.174534s ]
INFO: [ view_parse ] --END-- [ RunTime:0.174736s ]
INFO: [ view_filter ] --START--
INFO: Run Behavior\WriteHtmlCacheBehavior [ RunTime:0.000418s ]
INFO: Run Behavior\TokenBuildBehavior [ RunTime:0.000473s ]
INFO: Run Behavior\TokenBuildBehavior [ RunTime:0.000044s ]
INFO: [ view_filter ] --END-- [ RunTime:0.001183s ]
INFO: [ app_end ] --START--
INFO: Run Behavior\ShowPageTraceBehavior [ RunTime:0.001502s ]
INFO: [ app_end ] --END-- [ RunTime:0.001717s ]

[ 2017-03-03T15:48:05+08:00 ] 127.0.0.1 /admin.php/Home/Pic/Action.html
INFO: [ app_init ] --START--
INFO: Run Behavior\BuildLiteBehavior [ RunTime:0.000045s ]
INFO: [ app_init ] --END-- [ RunTime:0.000257s ]
INFO: [ app_begin ] --START--
INFO: Run Behavior\ReadHtmlCacheBehavior [ RunTime:0.000766s ]
INFO: [ app_begin ] --END-- [ RunTime:0.000984s ]
NOTIC: D方法实例化没找到模型类Home\Model\PicClassModel

[ 2017-03-03T15:48:05+08:00 ] 127.0.0.1 /admin.php/Pic/index_class/se/199
INFO: [ app_init ] --START--
INFO: Run Behavior\BuildLiteBehavior [ RunTime:0.000025s ]
INFO: [ app_init ] --END-- [ RunTime:0.000145s ]
INFO: [ app_begin ] --START--
INFO: Run Behavior\ReadHtmlCacheBehavior [ RunTime:0.000551s ]
INFO: [ app_begin ] --END-- [ RunTime:0.000683s ]
NOTIC: D方法实例化没找到模型类Home\Model\PicClassModel
NOTIC: [8] Undefined variable: Id E:\git\cpbbs\www\Admin\Home\Controller\PicController.class.php 第 191 行.
NOTIC: [8] Undefined index: page E:\git\cpbbs\www\Admin\Common\Page.class.php 第 15 行.
INFO: [ view_parse ] --START--
INFO: [ template_filter ] --START--
INFO: Run Behavior\ContentReplaceBehavior [ RunTime:0.000400s ]
INFO: [ template_filter ] --END-- [ RunTime:0.000621s ]
INFO: Run Behavior\ParseTemplateBehavior [ RunTime:0.200683s ]
INFO: [ view_parse ] --END-- [ RunTime:0.200804s ]
INFO: [ view_filter ] --START--
INFO: Run Behavior\WriteHtmlCacheBehavior [ RunTime:0.000305s ]
INFO: Run Behavior\TokenBuildBehavior [ RunTime:0.000419s ]
INFO: Run Behavior\TokenBuildBehavior [ RunTime:0.000040s ]
INFO: [ view_filter ] --END-- [ RunTime:0.000972s ]
INFO: [ app_end ] --START--
INFO: Run Behavior\ShowPageTraceBehavior [ RunTime:0.000904s ]
INFO: [ app_end ] --END-- [ RunTime:0.001078s ]

